2008-12-08 02:21:40,130	main	 INFO	edu.pcs.musicfinder.Test	loading repository...
2008-12-08 02:21:41,054	main	 INFO	edu.pcs.musicfinder.Test	done!
2008-12-08 02:21:41,094	main	 INFO	edu.pcs.musicfinder.Test	Processing new input
820	79,7774446318	80
1.060	84,2218660311	84
920	81,769564049	82
675	76,408607741	76
820	79,7774446318	80
1.050	84,0577667883	84
1.050	84,0577667883	84
MATCH!
Yesterday
start = 22
err = 1
[OK, OK, OK, EXCHANGE, OK, OK, OK]
distance = 0.012336956889409096
0,8	0,6000000089
0,3	0,3000000045
1,2	1,2000000179
0,5	0,3000000045
0,5	0,6000000089
0,3	0,3000000045

MATCH!
Money For Nothing
start = 221
err = 2
[OK, OK, OK, ADDITION, OK, EXCHANGE]
distance = 43.34586214744391
0,8	14,5475363443
0,3	0,2238800079
1,7	0,219215841
0,5	0,2238800079

MATCH!
Aquarela
start = 313
err = 2
[OK, EXCHANGE, OK, ADDITION, OK, OK]
distance = 0.09184547875465035
0,8	0,3750000056
0,3	0,2062500031
1,7	0,3812500057
0,5	0,7250000108

MATCH!
País Tropical
start = 50
err = 3
[OK, EXCHANGE, OK, ADDITION, OK, EXCHANGE]
distance = 0.00916764790648103
0,8	0,233928344
0,3	0,2464283318
1,7	0,4089281738
0,5	0,2160712185

MATCH!
Palco
start = 86
err = 2
[OK, OK, OK, EXCHANGE, OK, OK, EXCHANGE]
distance = 3.98241516744717
0,8	4,5879666889
0,3	0,1180556514
1,2	0,1412038184
0,5	0,1759260688
0,5	3,9699106314
0,3	0,1388890017

MATCH!
Hino Nacional Brasileiro
start = 12
err = 3
[OK, EXCHANGE, OK, ADDITION, OK, EXCHANGE]
distance = 0.01058957267288712
0,8	0,3350408126
0,3	0,1690572908
1,7	0,3155736094
0,5	0,1834015457

MATCH!
Ode To Joy
start = 118
err = 2
[OK, OMISSION, OK, OK, EXCHANGE, OK, OK, OK]
distance = 0.165690943003668
0,8	0,5784310633
0	0,5931369378
0,3	0,5931369378
1,2	0,8823524695
0,5	0,2941174898
0,5	1,1764699593
0,3	0,5833330215

