1.170	85,9311972114	86
1.190	86,224633736	86
1.540	90,6882590647	91
1.480	90,0002609639	90
1.390	88,914113449	89
1.160	85,7825925179	86
1.170	85,9311972114	86
1.550	90,8003134396	91
1.440	89,5259205937	90
1.300	87,7552343327	88
1.120	85,175079641	85
1.160	85,7825925179	86
MATCH!
Aquarela
start = 0
err = 4
[OK, OK, OK, OMISSION, OK, EXCHANGE, OK, OK, OK, OMISSION, OK, OK, OMISSION]
distance = 0.03047817186420264
0,3	0,1562500023
0,4	0,1812500027
0,9	0,1875000028
0	0,3625000054
0,3	0,200000003
0,7	0,3812500057
0,3	0,1875000028
0,3	0,1875000028
1	0,1750000026
0	0,337500005
0,3	0,2125000032
0,7	0,3750000056

MATCH!
Palco
start = 185
err = 5
[OK, OMISSION, OK, EXCHANGE, OK, EXCHANGE, OK, OK, ADDITION, OK, OMISSION]
distance = 2.44344341983198
0,3	4,5694481554
0	0,2592594698
0,4	0,1550927185
0,9	4,0393551323
0,3	0,1250001015
0,7	0,1504630852
0,3	0,1550927185
1,3	3,9814847149
0,3	0,1180556514

MATCH!
Sunday Bloody Sunday
start = 149
err = 6
[OK, EXCHANGE, OK, EXCHANGE, OK, EXCHANGE, OK, OMISSION, OK, EXCHANGE, OK, OMISSION]
distance = 1.129156905018757
0,3	0,5865383698
0,4	2,5865380568
0,9	0,2884614933
0,3	0,5769229867
0,7	0,2884614933
0,3	0,2884614933
0,3	0,5865383698
0	2,5769226737
1	0,5769229867
0,3	0,2980768764
0,7	0,8894229378

MATCH!
Ode To Joy
start = 117
err = 106
[OK, OK, EXCHANGE, OK, EXCHANGE, OK, OK, EXCHANGE, OK]
distance = 0.15897705058374267
0,3	0,5931369378
0,4	0,5784310633
0,9	0,5931369378
0,3	0,5931369378
0,7	0,8823524695
0,3	0,2941174898
0,3	1,1764699593
1	0,5833330215

MATCH!
País Tropical
start = 53
err = 107
[OK, EXCHANGE, OK, OK, ADDITION, OK, OMISSION, OK, OK]
distance = 0.01946961467665641
0,3	0,2160712185
0,4	0,2142855059
0,9	0,4142853115
1	0,4428567123
0,3	0,4249995868
0	0,2160712185
0,3	0,2249997812

MATCH!
Tico Tico No Fubá
start = 141
err = 107
[OK, OK, EXCHANGE, OK, OK, EXCHANGE, OK]
distance = 0.006099956428753707
0,3	0,1440088497
0,4	0,263536195
0,9	0,4089851333
0,3	0,1440088497
0,7	0,1324881418
0,3	0,1440088497

MATCH!
Você É Linda
start = 102
err = 107
[OK, EXCHANGE, OK, OK, EXCHANGE, OK, EXCHANGE, OK]
distance = 5.23155224742475
0,3	6,3388826665
0,4	0,6666660123
0,9	1,033332319
0,3	0,3388885562
0,7	0,327777456
0,3	0,3444441063
0,3	1,9888869366

MATCH!
Marvin
start = 165
err = 108
[OK, OK, EXCHANGE, OK, ADDITION, OK]
distance = 0.004710126792435066
0,3	0,1630434953
0,4	0,1630434953
0,9	0,1630434953
1	0,3260869905

MATCH!
Hino Nacional Brasileiro
start = 72
err = 108
[OK, OK, OK, OK]
distance = 0.015107417463938582
0,3	0,1188523984
0,4	0,490778438
0,9	0,9887290036

MATCH!
Penny Lane
start = 82
err = 108
[OK, OK, EXCHANGE, OK, EXCHANGE, OK]
distance = 0.10122868518974144
0,3	0,7826085091
0,4	0,1304347515
0,9	0,1304347515
0,3	0,1304347515
0,7	0,1304347515

MATCH!
Yesterday
start = 58
err = 109
[OK, OK, OK]
distance = 0.02880000085830686
0,3	1,2000000179
0,4	1,2000000179

MATCH!
Hey Jude
start = 19
err = 109
[OK, OK, OK]
distance = 0.0821766009115681
0,3	0,8108099699
0,4	0,405404985

MATCH!
Money For Nothing
start = 42
err = 109
[OK, OK, OK]
distance = 0.29184076254500757
0,3	0,2238800079
0,4	1,5718242219

MATCH!
Wave
start = 34
err = 109
[OK, EXCHANGE, OK, EXCHANGE, OK, EXCHANGE]
distance = 0.009161853867201638
0,3	0,2232140629
0,4	0,2098212191
0,9	0,1830355315
0,3	0,2053569378
0,7	0,2232140629

MATCH!
Tarde Em Itapoã
start = 76
err = 109
[OK, OK, OK]
distance = 0.0018934872305624837
0,3	0,4423072375
0,4	0,6923069805

MATCH!
With Or Without You
start = 41
err = 109
[OK, OK, EXCHANGE, OK]
distance = 0.0032076422032044326
0,3	0,2835645317
0,4	0,2835645317
0,9	0,5497679696

MATCH!
Chega De Saudade
start = 26
err = 109
[OK, OK, OMISSION, OK, OK]
distance = 0.6994956555451372
0,3	0,4285710119
0,4	0,8571420237
0	1,4999985415
0,9	0,2142855059

MATCH!
Hino Do Corinthians
start = 9
err = 110
[OK, OK]
distance = 0.0
0,3	1,0000000298

