1.350	88,408607741	88
890	81,1956217479	81
1.180	86,0785371687	86
1.400	89,0382167797	89
1.300	87,7552343327	88
970	82,6857746826	83
1.170	85,9311972114	86
1.350	88,408607741	88
1.410	89,1614368051	89
930	81,9567263096	82
1.150	85,6327011877	86
MATCH!
Ode To Joy
start = 32
err = 4
[OK, EXCHANGE, OK, OMISSION, OK, OK, EXCHANGE, OK, OK, OK, EXCHANGE, OK]
distance = 0.0552959586349538
0,6	0,598038896
0,6	0,5882349797
0,9	0,5882349797
0	0,2843135735
0,3	0,2941174898
0,8	0,5882349797
0,5	0,598038896
1,1	0,5882349797
0,3	0,2843135735
1,1	0,2941174898
0,3	0,5882349797

MATCH!
Penny Lane
start = 28
err = 4
[OK, EXCHANGE, OK, EXCHANGE, OK, EXCHANGE, OK, OK, OK, OMISSION]
distance = 0.20155286030837322
0,6	0,260869503
0,6	0,260869503
0,9	0,521739006
0,3	0,260869503
0,8	0,521739006
0,5	1,5652170181
1,1	0,260869503
0,3	0,260869503
1,1	0,521739006

MATCH!
Chega De Saudade
start = 66
err = 6
[OK, OMISSION, OK, EXCHANGE, OK, EXCHANGE, OK, ADDITION, OK, OMISSION, OK, EXCHANGE]
distance = 0.06542604324041755
0,6	0,2142855059
0	0,4285710119
0,6	0,4285710119
0,9	0,4285710119
0,3	0,4285710119
0,8	0,4285710119
1,6	0,4285710119
0,3	0,4285710119
0	0,4285710119
1,1	0,4285710119

MATCH!
Marvin
start = 335
err = 106
[OK, EXCHANGE, OK, EXCHANGE, OK, EXCHANGE, OK, OK]
distance = 0.012617823405326328
0,6	0,3260869905
0,6	0,3260869905
0,9	0,1630434953
0,3	0,1630434953
0,8	0,1630434953
0,5	0,1630434953
1,1	0,1630434953

MATCH!
With Or Without You
start = 123
err = 106
[OK, EXCHANGE, OK, EXCHANGE, OK, EXCHANGE, OK, OK]
distance = 0.8413243871688189
0,6	0,289351563
0,6	0,5555550009
0,9	3,3275429741
0,3	0,2719904692
0,8	0,289351563
0,5	0,5497679696
1,1	0,8275454701

MATCH!
Yesterday
start = 16
err = 107
[OK, ADDITION, OK, OK, EXCHANGE, OK, OMISSION, OK]
distance = 0.20594814855259366
1,2	0,4500000067
0,9	0,3000000045
0,3	0,6000000089
0,8	0,3000000045
0,5	1,2000000179
0	0,3000000045

MATCH!
Money For Nothing
start = 265
err = 107
[OK, EXCHANGE, OK, EXCHANGE, OK, EXCHANGE, OK]
distance = 0.21607082420708498
0,6	0,2145516742
0,6	0,2238800079
0,9	0,2285441747
0,3	0,219215841
0,8	0,2238800079
0,5	1,347944214

MATCH!
Aquarela
start = 11
err = 107
[OK, EXCHANGE, OK, EXCHANGE, OK, EXCHANGE, OK]
distance = 0.5012047013995471
0,6	0,3750000056
0,6	0,200000003
0,9	0,200000003
0,3	0,3562500053
0,8	2,281250034
0,5	0,1687500025

MATCH!
Wave
start = 22
err = 107
[OK, EXCHANGE, OK, OMISSION, OK, OK, EXCHANGE, OK]
distance = 0.5022408043345166
0,6	0,0803570626
0,6	0,2991068442
0,9	2,5624974417
0	0,2366069066
0,3	0,1830355315
0,8	0,2499997504
0,5	0,2187497816

MATCH!
Sunday Bloody Sunday
start = 220
err = 107
[OK, EXCHANGE, OK, EXCHANGE, OK, EXCHANGE, OK]
distance = 5.9516293745991575
0,6	0,2836538018
0,6	0,2884614933
0,9	0,5769229867
0,3	0,5913460613
0,8	0,5865383698
0,5	6,6153835803

MATCH!
Tarde Em Itapoã
start = 10
err = 107
[OK, ADDITION, OK, OK, ADDITION, OK]
distance = 0.002360374688116505
1,2	0,2307689935
0,9	0,2692304924
1,1	0,211538244

MATCH!
País Tropical
start = 89
err = 107
[OK, EXCHANGE, OK, EXCHANGE, OK, ADDITION, OK]
distance = 0.0022350922224689106
0,6	0,1303570161
0,6	0,1714284047
0,9	0,1107141781
0,3	0,1124998906
1,3	0,2089283683

MATCH!
Palco
start = 84
err = 107
[OK, EXCHANGE, OK, EXCHANGE, OK, EXCHANGE, OK, OMISSION, OK]
distance = 1.9450250901496435
0,6	0,1620371686
0,6	0,1481482685
0,9	4,5879666889
0,3	0,1180556514
0,8	0,1412038184
0,5	0,1759260688
1,1	3,9699106314
0	0,1388890017

MATCH!
Hino Nacional Brasileiro
start = 16
err = 107
[OK, ADDITION, OK, OK, EXCHANGE, OK]
distance = 0.018269978959459598
1,2	0,3124998405
0,9	0,1670081115
0,3	0,3401637608
0,8	0,2100408764

MATCH!
Hey Jude
start = 78
err = 108
[OK, EXCHANGE, OK, EXCHANGE, OK]
distance = 0.01997347938822836
0,6	0,6081074774
0,6	0,405404985
0,9	0,405404985
0,3	0,2027024925

MATCH!
Hino Do Corinthians
start = 1
err = 108
[OK, ADDITION, OK, OK]
distance = 0.03125000186264516
1,2	0,2500000075
0,9	0,5000000149

MATCH!
Tico Tico No Fubá
start = 24
err = 108
[OK, EXCHANGE, OK, EXCHANGE, OK]
distance = 0.004303652126720446
0,6	0,1324881418
0,6	0,1310480533
0,9	0,1512092922
0,3	0,1886515932

MATCH!
Você É Linda
start = 10
err = 108
[OK, EXCHANGE, OK, EXCHANGE, OK, OMISSION, OK]
distance = 0.2037826719622359
0,6	1,3333320245
0,6	0,3055552556
0,9	0,327777456
0,3	0,3444441063
0,8	0,3944440573
0	0,4944439591

