1.350	88,408607741	89
1.100	84,8631371386	85
1.125	85,252194871	86
1.375	88,7262742773	89
1.540	90,6882590647	91
1.000	83,2130948536	84
1.020	83,55592468	84
1.125	85,252194871	86
1.225	86,7264758444	87
1.760	93	93
MATCH!
Hey Jude
start = 0
err = 2
[OK, EXCHANGE, OK, OK, OK, OK, OK, OK, OK, EXCHANGE]
distance = 0.021485802913564944
0,8	0,8108099699
1,3	2,0270249248
0,3	0,405404985
0,3	0,405404985
0,4	0,405404985
1,7	2,4324299097
0,3	0,405404985
0,3	0,405404985
0,7	0,8108099699

MATCH!
Hino Do Corinthians
start = 78
err = 4
[OK, EXCHANGE, OK, ADDITION, OK, ADDITION, OK, EXCHANGE]
distance = 0.012378303936691724
0,8	0,1250000037
1,3	0,1250000037
0,6	0,1250000037
2,1	0,5000000149
0,3	0,2500000075

MATCH!
Money For Nothing
start = 69
err = 105
[OK, EXCHANGE, OK, OK, EXCHANGE, OK, EXCHANGE, OK]
distance = 0.3232712480350021
0,8	0,4524241826
1,3	0,4430958489
0,3	0,219215841
0,3	0,2285441747
0,4	1,5718242219
1,7	0,2145516742
0,3	0,2238800079

MATCH!
Wave
start = 32
err = 106
[OK, EXCHANGE, OK, OK, OK, EXCHANGE]
distance = 0.00598855622237994
0,8	0,2366069066
1,3	0,4196424382
0,3	0,2232140629
0,3	0,2098212191
0,4	0,1830355315

MATCH!
Tarde Em Itapoã
start = 122
err = 106
[OK, ADDITION, OK, EXCHANGE, OK, OK]
distance = 13.777558284652082
2,1	0,2307689935
0,3	0,4038457386
0,3	0,4423072375
0,4	7,5961460359

MATCH!
Marvin
start = 139
err = 106
[OK, EXCHANGE, OK, OMISSION, OK, EXCHANGE, OK, OK]
distance = 0.010245316552833589
0,8	0,3260869905
1,3	0,3260869905
0,3	0,1630434953
0	0,1630434953
0,3	0,1630434953
0,4	0,1630434953
1,7	0,3260869905

MATCH!
País Tropical
start = 22
err = 106
[OK, EXCHANGE, OK, OK, EXCHANGE, OK]
distance = 0.13223505060183666
0,8	0,2285712063
1,3	0,2607140322
0,3	0,5874994288
0,3	0,6785707688
0,4	0,3946424734

MATCH!
Palco
start = 207
err = 106
[OK, ADDITION, OK, EXCHANGE, OK, EXCHANGE, OK]
distance = 0.01094085482710294
2,1	0,2384261196
0,3	0,1412038184
0,3	0,1712964354
0,4	0,2083335025
1,7	0,1875001523

MATCH!
Tico Tico No Fubá
start = 212
err = 106
[OK, EXCHANGE, OK, OK, OK, EXCHANGE]
distance = 0.009095399333354067
0,8	0,2448150446
1,3	0,1310480533
0,3	0,1324881418
0,3	0,1569696462
0,4	0,1641700887

MATCH!
Hino Nacional Brasileiro
start = 188
err = 106
[OK, OK, OK, EXCHANGE, OK, EXCHANGE]
distance = 0.0176985141291291
0,8	0,2643441274
1,3	0,2479506931
0,3	0,2643441274
0,3	0,225409721
0,4	0,2581965895

MATCH!
Penny Lane
start = 20
err = 106
[OK, EXCHANGE, OK, OK, EXCHANGE, OK]
distance = 0.36054725343674365
0,8	0,260869503
1,3	0,260869503
0,3	0,173913002
0,3	0,173913002
0,4	1,4782605171

MATCH!
Yesterday
start = 15
err = 107
[OK, EXCHANGE, OK, OK]
distance = 0.012179752429100611
0,8	0,3000000045
1,3	0,4500000067
0,3	0,3000000045

MATCH!
Sunday Bloody Sunday
start = 2
err = 107
[OK, EXCHANGE, OK, OMISSION, OK, OK, EXCHANGE]
distance = 0.9055727331336466
0,8	2,8798072417
1,3	0,2740384187
0,3	0,302884568
0	0,2788461102
0,3	0,2836538018
0,4	0,3076922596

MATCH!
With Or Without You
start = 198
err = 107
[OK, EXCHANGE, OK, OMISSION, OK, EXCHANGE, OK]
distance = 0.9650243830322496
0,8	0,8275454701
1,3	0,5497679696
0,3	2,2337940661
0	0,8333325014
0,3	0,8217584388
0,4	1,1226840643

MATCH!
Ode To Joy
start = 32
err = 107
[OK, OK, EXCHANGE, OK]
distance = 0.07230973571954813
0,8	0,598038896
1,3	0,5882349797
0,3	0,5882349797

MATCH!
Você É Linda
start = 0
err = 107
[OK, EXCHANGE, OK, OK]
distance = 0.02766731805963522
0,8	0,327777456
1,3	0,2999997055
0,3	0,3499996564

MATCH!
Chega De Saudade
start = 0
err = 107
[OK, EXCHANGE, OK, OK]
distance = 0.2525505292973
0,8	0,8571420237
1,3	0,8571420237
0,3	1,0714275297

MATCH!
Aquarela
start = 3
err = 108
[OK, EXCHANGE, OK]
distance = 0.020788962529430594
0,8	0,3625000054
1,3	0,200000003

