1.604,2	91,3953430665	91
1.355,2	88,475164211	88
1.201,8	86,3954567775	86
1.336,4	88,2333175071	88
1.047,1	84,0098856006	84
1.049,7	84,0528196986	84
1.200,5	86,3767196965	86
799,42	79,337401716	79
MATCH!
Tarde Em Itapoã
start = 62
err = 0
[OK, OK, OK, OK, OK, OK, OK, OK]
distance = 0.0018288172008120317
0,27864	0,2692304924
0,3541	0,3846149892
0,30768	0,2716343361
0,4412	0,4399033939
0,3076	0,249999743
0,418	0,4447110812
0,5631	0,4591341433

MATCH!
Marvin
start = 65
err = 3
[OK, OK, ADDITION, OK, EXCHANGE, OK, EXCHANGE]
distance = 0.02643122388254085
0,27864	0,4456522204
0,66178	0,4836957026
0,4412	0,6684783306
0,3076	0,4782609195
0,418	0,4565217867

MATCH!
Palco
start = 200
err = 3
[OK, OK, EXCHANGE, OK, EXCHANGE, OK, OK, EXCHANGE]
distance = 4.490572822590337
0,27864	5,9259307384
0,3541	0,2060186858
0,30768	0,1319445516
0,4412	0,1203704681
0,3076	0,2245372194
0,418	0,1527779019
0,5631	0,1574075352

MATCH!
With Or Without You
start = 183
err = 3
[OK, OMISSION, OK, OK, ADDITION, OK, OK, EXCHANGE]
distance = 0.26319829060722305
0,27864	0,5555550009
0	0,5555550009
0,3541	0,5555550009
0,74888	0,5497679696
0,3076	1,3888875023
0,418	0,2835645317

MATCH!
Ode To Joy
start = 4
err = 3
[OK, OMISSION, OK, OK, ADDITION, OK, OK, EXCHANGE]
distance = 0.09525703208748333
0,27864	0,5882349797
0	0,5784310633
0,3541	0,5882349797
0,74888	0,598038896
0,3076	0,5882349797
0,418	0,5882349797

MATCH!
Penny Lane
start = 6
err = 3
[OK, OMISSION, OK, OK, OK, EXCHANGE, OK, OK, EXCHANGE]
distance = 0.07039490765051214
0,27864	0,434782505
0	0,260869503
0,3541	0,260869503
0,30768	0,260869503
0,4412	0,173913002
0,3076	0,173913002
0,418	0,9565215111
0,5631	0,260869503

MATCH!
Hey Jude
start = 10
err = 4
[OK, EXCHANGE, OK, OK, EXCHANGE, OK, OMISSION, OK, EXCHANGE]
distance = 0.5251941627829441
0,27864	0,405404985
0,3541	0,405404985
0,30768	0,405404985
0,4412	0,405404985
0,3076	0,2027024925
0,418	0,2027024925
0	2,0270249248
0,5631	0,405404985

MATCH!
Aquarela
start = 25
err = 4
[OK, OMISSION, OK, OK, OMISSION, OK, EXCHANGE, OK, OK, EXCHANGE]
distance = 0.406484011240961
0,27864	0,3500000052
0	0,1937500029
0,3541	0,400000006
0,30768	0,1750000026
0	0,200000003
0,4412	0,1812500027
0,3076	0,1812500027
0,418	2,281250034
0,5631	0,1750000026

MATCH!
Sunday Bloody Sunday
start = 186
err = 4
[OK, EXCHANGE, OK, OMISSION, OK, EXCHANGE, OK, OK, EXCHANGE]
distance = 1.6168869519447522
0,27864	0,2980768764
0,3541	4,076922439
0,30768	0,2980768764
0	0,1442307467
0,4412	1,8653843235
0,3076	0,2980768764
0,418	2,0192304533
0,5631	0,2884614933

MATCH!
País Tropical
start = 39
err = 4
[OK, OMISSION, OK, EXCHANGE, OK, EXCHANGE, OK, OK, EXCHANGE]
distance = 0.03692765920253789
0,27864	0,4374995746
0	0,1892855302
0,3541	0,2589283197
0,30768	0,416071024
0,4412	0,828570623
0,3076	0,2249997812
0,418	0,2303569189
0,5631	0,4142853115

MATCH!
Você É Linda
start = 8
err = 4
[OK, EXCHANGE, OK, EXCHANGE, OK, EXCHANGE, OK, EXCHANGE]
distance = 0.1775866340514453
0,27864	0,5777772106
0,3541	0,0999999018
0,30768	1,3333320245
0,4412	0,3055552556
0,3076	0,327777456
0,418	0,3444441063
0,5631	0,3944440573

MATCH!
Money For Nothing
start = 72
err = 104
[OK, OK, OK, OK, EXCHANGE]
distance = 0.3418129490909753
0,27864	0,2285441747
0,3541	1,5718242219
0,30768	0,2145516742
0,4412	0,2238800079

MATCH!
Wave
start = 249
err = 104
[OK, OK, EXCHANGE, OK, EXCHANGE, OK]
distance = 0.8844277496417469
0,27864	0,8660705639
0,3541	0,4241067194
0,30768	2,776782942
0,4412	1,0714275017
0,3076	0,2053569378

MATCH!
Tico Tico No Fubá
start = 249
err = 104
[OK, OK, EXCHANGE, OK, EXCHANGE, OK]
distance = 0.004396037941443028
0,27864	0,1512092922
0,3541	0,1641700887
0,30768	0,1252876993
0,4412	0,1440088497
0,3076	0,2764969915

MATCH!
Hino Nacional Brasileiro
start = 205
err = 104
[OK, OK, OK, OK, EXCHANGE]
distance = 0.019236388470440575
0,27864	0,3022539441
0,3541	0,1711064701
0,30768	0,5020489241
0,4412	0,3514342469

MATCH!
Yesterday
start = 135
err = 105
[OK, OMISSION, OK, OK, ADDITION, OK]
distance = 0.1729775318542353
0,27864	0,6000000089
0	0,6000000089
0,3541	0,6000000089
0,74888	0,3000000045

MATCH!
Hino Do Corinthians
start = 8
err = 105
[OK, OK, EXCHANGE, OK, EXCHANGE]
distance = 0.3144430130587704
0,27864	0,5000000149
0,3541	1,0000000298
0,30768	1,5000000447
0,4412	0,2500000075

MATCH!
Chega De Saudade
start = 115
err = 105
[OK, OK, EXCHANGE, OK, EXCHANGE]
distance = 0.045393520254635875
0,27864	0,4285710119
0,3541	0,4285710119
0,30768	0,6428565178
0,4412	0,2142855059

