1.351,2	88,4239896527	89
1.351,2	88,4239896527	89
1.344,5	88,3379319162	89
1.437,3	89,4934294853	90
1.378,1	88,7652618028	89
1.157,4	85,7437454443	86
1.041,7	83,9203731083	84
1.273,2	87,3946035987	88
1.332,4	88,1814219631	89
1.378,1	88,7652618028	89
1.461,6	89,7836773226	90
1.376,8	88,7489228835	89
1.197,8	86,3377393028	87
1.065,9	84,3179599877	85
1.374,1	88,7149388533	89
MATCH!
Money For Nothing
start = 155
err = 107
[OK, OK, OK, EXCHANGE, OK, OK, OK, ADDITION, OK, EXCHANGE, OK]
distance = 0.03397151123162271
0,39474	0,2238800079
1,0333	0,2238800079
0,2554	0,2285441747
0,2438	0,4430958489
0,4006	0,2238800079
0,4237	0,2285441747
0,5515	0,4477600157
1,1784	0,2238800079
0,238	0,219215841

MATCH!
Marvin
start = 35
err = 109
[OK, OK, OK, EXCHANGE, OK, OK, ADDITION, OK, OMISSION, OK]
distance = 0.02496433300905998
0,39474	0,3260869905
1,0333	0,4891304858
0,2554	0,1630434953
0,2438	0,1630434953
0,4006	0,3260869905
0,7952	0,1630434953
0,18	0,1630434953
0	0,3260869905

MATCH!
With Or Without You
start = 91
err = 109
[OK, OK, OK, EXCHANGE, OK, OMISSION, OK, OMISSION, OK, ADDITION, OK, EXCHANGE, OK]
distance = 10.481936304377747
0,39474	11,111100018
1,0333	0,2777775005
0,2554	0,5555550009
0,2438	0,8333325014
0,4006	0,289351563
0	0,5497679696
0,4237	0,289351563
0	0,5439809384
0,5515	1,1111100018
1,1784	0,2719904692
0,238	0,2835645317

MATCH!
Penny Lane
start = 84
err = 109
[OK, EXCHANGE, OK, EXCHANGE, OK, OMISSION, OK, OK, EXCHANGE, OK, OMISSION, OK, EXCHANGE, OK]
distance = 1.5219857119795832
0,39474	0,260869503
1,0333	0,260869503
0,2554	0,521739006
0,2438	1,0434780121
0,4006	0,260869503
0	0,260869503
0,4237	0,521739006
0,3715	4,4347815514
0,18	0,7826085091
1,1784	0,260869503
0	0,260869503
0,238	0,521739006
0,3251	1,0434780121

MATCH!
Yesterday
start = 64
err = 110
[OK, EXCHANGE, OK, EXCHANGE, OK, EXCHANGE, OK, EXCHANGE, OK]
distance = 0.8211592578936836
0,39474	0,6000000089
1,0333	0,6000000089
0,2554	0,3000000045
0,2438	0,6000000089
0,4006	0,3000000045
0,4237	2,7000000402
0,3715	1,2000000179
0,18	1,2000000179

MATCH!
Hey Jude
start = 83
err = 110
[OK, EXCHANGE, OK, EXCHANGE, OK, OK, OK]
distance = 0.15217229556413467
0,39474	0,405404985
1,0333	1,2162149549
0,2554	0,405404985
0,2438	1,2162149549
0,4006	0,405404985
0,4237	0,8108099699

MATCH!
Sunday Bloody Sunday
start = 24
err = 110
[OK, OK, OK, EXCHANGE, OK, EXCHANGE, OK]
distance = 0.019479508497902195
0,39474	0,2740384187
1,0333	0,2980768764
0,2554	0,2788461102
0,2438	0,2884614933
0,4006	0,2980768764
0,4237	0,2788461102

MATCH!
País Tropical
start = 111
err = 110
[OK, EXCHANGE, OK, EXCHANGE, OK, OK, OK]
distance = 0.10343143138705263
0,39474	0,2249997812
1,0333	0,2446426193
0,2554	0,7982135096
0,2438	0,0374999635
0,4006	0,4285710119
0,4237	0,4089281738

MATCH!
Palco
start = 205
err = 110
[OK, EXCHANGE, OK, EXCHANGE, OK, OK, OK]
distance = 0.01065096783067262
0,39474	0,1527779019
1,0333	0,1574075352
0,2554	0,2384261196
0,2438	0,1412038184
0,4006	0,1712964354
0,4237	0,2083335025

MATCH!
Tico Tico No Fubá
start = 442
err = 110
[OK, OK, OK, OK, OK]
distance = 0.012366939182427447
0,39474	0,0993661063
1,0333	0,1512092922
0,2554	0,0936057523
0,2438	0,2592159295

MATCH!
Hino Nacional Brasileiro
start = 44
err = 110
[OK, OK, OK, OK, OK]
distance = 0.18591478550671214
0,39474	0,9836060554
1,0333	0,3411883505
0,2554	0,1711064701
0,2438	0,4846309002

MATCH!
Aquarela
start = 99
err = 111
[OK, OK, OK, EXCHANGE, OK]
distance = 1.3170928978058143
0,39474	2,5625000382
1,0333	0,2875000043
0,2554	0,2062500031
0,2438	0,3812500057

MATCH!
Wave
start = 11
err = 111
[OK, OK, OK, EXCHANGE, OK]
distance = 1.2015638274058826
0,39474	2,5223189103
1,0333	0,4598209695
0,2554	0,3348210943
0,2438	0,2991068442

MATCH!
Tarde Em Itapoã
start = 55
err = 111
[OK, EXCHANGE, OK, OK, OK]
distance = 0.0362463043652068
0,39474	0,3076919913
1,0333	0,2307689935
0,2554	0,2692304924
0,2438	0,3461534902

MATCH!
Hino Do Corinthians
start = 21
err = 111
[OK, OK, OK, OK]
distance = 0.060724375300222184
0,39474	1,0000000298
1,0333	1,5000000447
0,2554	0,2500000075

MATCH!
Chega De Saudade
start = 160
err = 111
[OK, EXCHANGE, OK, EXCHANGE, OK, OK]
distance = 0.1550178535608207
0,39474	0,4285710119
1,0333	0,2142855059
0,2554	0,4285710119
0,2438	0,8571420237
0,4006	0,2142855059

MATCH!
Ode To Joy
start = 181
err = 112
[OK, OK, OK]
distance = 0.010780818720475796
0,39474	0,2941174898
1,0333	1,1813719175

MATCH!
Você É Linda
start = 2
err = 113
[OK, EXCHANGE, OK]
distance = 0.011377559326954384
0,39474	0,3499996564
1,0333	1,3388875746

