1.624,4	91,6119780421	92
1.547,7	90,7746050815	91
1.204,5	86,4343075766	87
1.604,2	91,3953430665	92
1.526,2	90,5324232341	91
1.228,7	86,7786873685	87
990,53	83,04836576	83
1.386,2	88,8667199364	89
MATCH!
Money For Nothing
start = 0
err = 1
[OK, OK, OK, OK, OK, OK, EXCHANGE, OK]
distance = 0.007869998571488334
0,65016	0,8115650285
0,58053	0,8162291953
2,5948	2,8964476017
0,5224	0,5876850206
0,4761	0,6483191894
0,5572	0,6436550226
0,6502	0,6343266889

MATCH!
Marvin
start = 74
err = 2
[OK, EXCHANGE, OK, OK, OK, OK, EXCHANGE, OK]
distance = 0.06788041686593525
0,65016	0,4510870036
0,58053	0,527173968
2,5948	1,6576088686
0,5224	0,4836957026
0,4761	0,434782654
0,5572	1,0054348875
0,6502	0,6521739811

MATCH!
Aquarela
start = 138
err = 3
[OK, OK, ADDITION, OK, OMISSION, OK, EXCHANGE, OK]
distance = 0.04828300157934834
0,65016	0,1812500027
3,17533	0,1812500027
0,5224	0,1875000028
0	0,1812500027
0,4761	0,2625000039
0,5572	0,4562500068

MATCH!
Sunday Bloody Sunday
start = 189
err = 3
[OK, OK, OMISSION, OK, OMISSION, OK, OK, OK, OMISSION]
distance = 0.5620077173948987
0,65016	0,1442307467
0,58053	1,8653843235
0	0,2980768764
2,5948	2,0192304533
0	0,2884614933
0,5224	0,1442307467
0,4761	1,8124997164
0,5572	0,0480769156

MATCH!
Hino Nacional Brasileiro
start = 137
err = 3
[OK, OK, EXCHANGE, OK, OMISSION, OK, OK, OMISSION]
distance = 0.2502178438038461
0,65016	0,3329916333
0,58053	0,1608605736
2,5948	0,3155736094
0,5224	0,2018441593
0	0,4743850038
0,4761	1,2950813062
0,5572	0,1567622151

MATCH!
Penny Lane
start = 4
err = 3
[OK, OK, ADDITION, OK, OMISSION, OK, OMISSION]
distance = 0.05834348050282177
0,65016	0,173913002
3,17533	0,173913002
0,5224	0,434782505
0	0,260869503
0,4761	0,260869503

MATCH!
Wave
start = 326
err = 4
[OK, EXCHANGE, OK, OMISSION, OK, EXCHANGE, OK, EXCHANGE, OK]
distance = 1.8521071955542718
0,65016	0,2455354691
0,58053	0,2232140629
2,5948	0,1294641565
0	2,8258900358
0,5224	0,2098212191
0,4761	0,3705353444
0,5572	2,6830330356
0,6502	0,3392853756

MATCH!
Tico Tico No Fubá
start = 449
err = 4
[OK, EXCHANGE, OK, OMISSION, OK, OK, EXCHANGE, OK, EXCHANGE]
distance = 0.008699248747153242
0,65016	0,1382484958
0,58053	0,2764969915
2,5948	0,3888238943
0	0,1512092922
0,5224	0,1440088497
0,4761	0,1454489382
0,5572	0,1641700887
0,6502	0,1382484958

MATCH!
País Tropical
start = 193
err = 103
[OK, OK, OK, OMISSION, OK, OK, OK]
distance = 0.23253051781941747
0,65016	0,4089281738
0,58053	0,8571420237
2,5948	0,2214283561
0	0,2410711942
0,5224	0,4017853236
0,4761	0,8357134731

MATCH!
Yesterday
start = 15
err = 104
[OK, OK, EXCHANGE, OK, OK]
distance = 0.10846368160770306
0,65016	0,3000000045
0,58053	0,4500000067
2,5948	0,3000000045
0,5224	0,6000000089

MATCH!
Tarde Em Itapoã
start = 3
err = 104
[OK, OK, EXCHANGE, OK, OK]
distance = 1.0871559663849242
0,65016	0,2139420877
0,58053	0,2475958993
2,5948	0,2091344004
0,5224	2,1658631577

MATCH!
Hino Do Corinthians
start = 0
err = 104
[OK, OK, EXCHANGE, OK, OK]
distance = 0.007832540424739397
0,65016	0,2500000075
0,58053	0,2500000075
2,5948	0,5000000149
0,5224	0,1250000037

MATCH!
With Or Without You
start = 202
err = 104
[OK, OK, OK, OMISSION, OK, OK]
distance = 0.310854767203942
0,65016	0,8217584388
0,58053	1,1226840643
2,5948	1,6666650027
0	0,8391195326
0,5224	0,8275454701

MATCH!
Ode To Joy
start = 36
err = 104
[OK, OK, OK, EXCHANGE, OK]
distance = 0.09988165121780951
0,65016	0,2941174898
0,58053	0,5882349797
2,5948	0,598038896
0,5224	0,5882349797

MATCH!
Você É Linda
start = 98
err = 104
[OK, OK, EXCHANGE, OK, OK]
distance = 0.022028480939537937
0,65016	0,3333330061
0,58053	0,3333330061
2,5948	0,6666660123
0,5224	0,3333330061

MATCH!
Chega De Saudade
start = 11
err = 104
[OK, OK, EXCHANGE, OK, OK]
distance = 0.08395231377147966
0,65016	0,4285710119
0,58053	0,4285710119
2,5948	0,4285710119
0,5224	0,4999995138

MATCH!
Hey Jude
start = 10
err = 105
[OK, OK, OK]
distance = 5.244277067623026E-4
0,65016	0,405404985
0,58053	0,405404985

MATCH!
Palco
start = 96
err = 105
[OK, OK, ADDITION, OK]
distance = 0.022979545212582903
0,65016	0,2453705696
3,17533	0,1296297349

