1.277,2	87,4489083499	87
1.273,2	87,3946035987	87
1.370,1	88,6644692002	88
1.573,3	91,0586203693	91
1.573,3	91,0586203693	91
1.407,7	89,1331737594	89
1.283,9	87,5394889175	87
1.098,2	84,8347846504	85
944,77	82,2295155686	82
948,81	82,3033882983	82
1.092,8	84,7494475185	85
1.267,8	87,3210209309	87
1.265,1	87,2841119831	87
1.102,2	84,897727241	85
MATCH!
Money For Nothing
start = 102
err = 109
[OK, OMISSION, OK, EXCHANGE, OK, OK, OK, OK]
distance = 0.011724606844871263
0,4412	0,219215841
0	0,2238800079
0,4586	0,2238800079
0,4296	0,2285441747
0,4992	0,4477600157
0,4586	0,2238800079
0,447	0,219215841

MATCH!
Tarde Em Itapoã
start = 92
err = 109
[OK, OK, EXCHANGE, OK, OMISSION, OK, EXCHANGE, OK, EXCHANGE, OK]
distance = 0.06523215578307281
0,4412	0,4423072375
0,4586	1,1153834686
0,4296	0,3076919913
0,4992	0,3846149892
0	0,2884612419
0,4586	0,3870188328
0,447	0,2668266487
0,4528	0,4807687365
0,5282	0,4423072375

MATCH!
Ode To Joy
start = 8
err = 109
[OK, OK, EXCHANGE, OK, OK, OK]
distance = 0.014576964529681302
0,4412	0,5882349797
0,4586	0,5882349797
0,4296	0,5833330215
0,4992	0,5931369378
0,4586	0,8823524695

MATCH!
Tico Tico No Fubá
start = 141
err = 109
[OK, OK, EXCHANGE, OK, EXCHANGE, OK, OK]
distance = 0.011326519012401967
0,4412	0,1440088497
0,4586	0,263536195
0,4296	0,4089851333
0,4992	0,1440088497
0,4586	0,1324881418
0,447	0,1440088497

MATCH!
Hino Nacional Brasileiro
start = 72
err = 109
[OK, OK, EXCHANGE, OK, EXCHANGE, OK, OK, OMISSION, OK, EXCHANGE]
distance = 0.06764669329501251
0,4412	0,1188523984
0,4586	0,490778438
0,4296	0,9887290036
0,4992	0,2612703585
0,4586	0,2356556174
0,447	0,2489752828
0,4528	0,2377047967
0	0,2336064382
0,5282	0,493852207

MATCH!
Hey Jude
start = 36
err = 110
[OK, OK, EXCHANGE, OK, OK]
distance = 0.6113685141966541
0,4412	0,405404985
0,4586	2,4324299097
0,4296	0,8108099699
0,4992	2,0270249248

MATCH!
Aquarela
start = 148
err = 110
[OK, OK, EXCHANGE, OK, ADDITION, OK]
distance = 0.018192368952256614
0,4412	0,3437500051
0,4586	0,3625000054
0,4296	0,2250000034
0,9578	0,268750004

MATCH!
Marvin
start = 8
err = 110
[OK, OK, EXCHANGE, OK, OK]
distance = 8.822866305587824E-5
0,4412	0,1630434953
0,4586	0,1630434953
0,4296	0,1630434953
0,4992	0,1630434953

MATCH!
Palco
start = 3
err = 110
[OK, OMISSION, OK, EXCHANGE, OK, OMISSION, OK, OK, OK]
distance = 0.021621306585452384
0,4412	0,2453705696
0	0,2777780034
0,4586	0,2638891032
0,4296	0,2685187366
0,4992	0,2777780034
0	0,3078706204
0,4586	0,2685187366
0,447	0,2800928201

MATCH!
With Or Without You
start = 41
err = 110
[OK, OK, EXCHANGE, OK, EXCHANGE, OK]
distance = 1.0833134253443137
0,4412	0,2835645317
0,4586	0,2835645317
0,4296	0,5497679696
0,4992	3,0381914112
0,4586	0,2835645317

MATCH!
Wave
start = 255
err = 111
[OK, OMISSION, OK, OK, OK]
distance = 0.04491297315223564
0,4412	0,2812497192
0	0,4017853132
0,4586	0,2544640317
0,4296	0,4151781569

MATCH!
Hino Do Corinthians
start = 22
err = 111
[OK, OK, OK, EXCHANGE]
distance = 0.34996224739209164
0,4412	1,5000000447
0,4586	0,2500000075
0,4296	0,2500000075

MATCH!
Você É Linda
start = 3
err = 111
[OK, OMISSION, OK, EXCHANGE, OK, ADDITION, OK]
distance = 0.2617395588927639
0,4412	1,3388875746
0	0,3555552065
0,4586	0,3111108057
0,4296	0,3111108057
0,9578	0,3111108057

MATCH!
Penny Lane
start = 37
err = 111
[OK, OMISSION, OK, EXCHANGE, OK, ADDITION, OK]
distance = 1.9671161787322504
0,4412	0,260869503
0	3,1304340363
0,4586	0,260869503
0,4296	0,260869503
0,9578	0,260869503

MATCH!
Chega De Saudade
start = 50
err = 111
[OK, OMISSION, OK, OK, EXCHANGE, OK]
distance = 0.06207313258223659
0,4412	0,4285710119
0	0,2142855059
0,4586	0,4285710119
0,4296	0,8571420237
0,4992	0,2142855059

MATCH!
Yesterday
start = 1
err = 112
[OK, OK]
distance = 7.703719777548943E-34
0,4412	0,1500000022

MATCH!
Sunday Bloody Sunday
start = 3
err = 112
[OK, OK]
distance = 0.0
0,4412	0,2740384187

MATCH!
País Tropical
start = 7
err = 112
[OK, OK]
distance = 0.0
0,4412	1,894641015

