1.146,6	85,5814410634	86
1.296	87,7018834723	88
1.028,2	83,6945458601	84
1.173,6	85,9843841671	86
1.308,1	87,8627688665	88
1.388,9	88,9004076118	89
1.308,1	87,8627688665	88
1.005,3	83,3046079622	83
1.121,1	85,1920744883	85
1.318,9	88,0051170437	88
1.418,5	89,265488661	89
1.329,7	88,1463043227	88
1.160,1	85,7840848967	86
1.010,7	83,3973528652	83
1.160,1	85,7840848967	86
MATCH!
Money For Nothing
start = 61
err = 108
[OK, OK, ADDITION, OK, EXCHANGE, OK, EXCHANGE, OK, OK, EXCHANGE, OK]
distance = 0.03514025352404552
0,94041	0,2238800079
0,99845	0,2238800079
0,447	0,219215841
0,2496	0,2238800079
0,2438	0,4524241826
0,5283	0,2145516742
0,4644	0,2285441747
0,5631	0,2238800079
0,2438	0,4430958489

MATCH!
Ode To Joy
start = 31
err = 108
[OK, OK, OK, OK, OK, OK, OK]
distance = 0.02534631722759262
0,94041	0,5882349797
0,52245	0,598038896
0,476	0,5882349797
0,447	0,5882349797
0,2496	0,2843135735
0,2438	0,2941174898

MATCH!
Penny Lane
start = 70
err = 108
[OK, OK, EXCHANGE, OK, OK, OK, OMISSION, OK, OMISSION, OK, EXCHANGE, OK, OK]
distance = 0.2517175751325587
0,94041	0,521739006
0,52245	0,260869503
0,476	1,5652170181
0,447	0,260869503
0,2496	0,260869503
0,2438	0,521739006
0	0,260869503
0,5283	1,5652170181
0	0,173913002
0,4644	0,173913002
0,5631	1,2173910141
0,2438	0,173913002

MATCH!
Chega De Saudade
start = 65
err = 108
[OK, OK, OK, EXCHANGE, OK, OK, EXCHANGE, OK, ADDITION, OK]
distance = 0.045650200578984085
0,94041	0,2142855059
0,52245	0,2142855059
0,476	0,4285710119
0,447	0,4285710119
0,2496	0,4285710119
0,2438	0,4285710119
0,5283	0,4285710119
1,0275	0,4285710119

MATCH!
País Tropical
start = 17
err = 109
[OK, OK, EXCHANGE, OK, OK, EXCHANGE, OK, OK]
distance = 0.044027302292314316
0,94041	0,2428569067
0,52245	0,4107138864
0,476	0,2196426436
0,447	0,2232140687
0,2496	0,5964279915
0,2438	0,2285712063
0,5283	0,2607140322

MATCH!
Palco
start = 90
err = 109
[OK, OK, OK, OK, OK, EXCHANGE, OK]
distance = 0.047465399472089366
0,94041	0,2662039199
0,52245	0,4861115059
0,476	0,3240743373
0,447	0,2824076368
0,2496	0,2962965369
0,2438	0,5254633897

MATCH!
Aquarela
start = 115
err = 110
[OK, EXCHANGE, OK, OK, OMISSION, OK, OK, OK]
distance = 0.1368346023356261
0,94041	0,7312500109
0,52245	0,3437500051
0,476	0,2250000034
0,447	0,3562500053
0	0,9687500144
0,2496	0,1937500029
0,2438	0,1875000028

MATCH!
Tarde Em Itapoã
start = 59
err = 110
[OK, OK, OK, EXCHANGE, OK, EXCHANGE, OK]
distance = 0.06798246969806858
0,94041	0,9639413166
0,52245	0,7091338863
0,476	1,1153834686
0,447	0,2692304924
0,2496	0,3846149892
0,2438	0,2716343361

MATCH!
Marvin
start = 374
err = 110
[OK, OK, EXCHANGE, OK, OK, EXCHANGE, OK]
distance = 0.014442255306592216
0,94041	0,1630434953
0,52245	0,1630434953
0,476	0,1630434953
0,447	0,1630434953
0,2496	0,3260869905
0,2438	0,1630434953

MATCH!
With Or Without You
start = 1
err = 110
[OK, OK, OMISSION, OK, OK, OK, OMISSION, OK, OK]
distance = 0.3647622658320373
0,94041	0,2835645317
0,52245	0,8217584388
0	0,5555550009
0,476	0,289351563
0,447	0,5555550009
0,2496	1,6550909402
0	0,2777775005
0,2438	0,2777775005

MATCH!
Hino Nacional Brasileiro
start = 192
err = 110
[OK, EXCHANGE, OK, OK, OK, OK]
distance = 0.0625702814934602
0,94041	0,2581965895
0,52245	0,4590161592
0,476	0,7213111073
0,447	0,2848359202
0,2496	0,2407785656

MATCH!
Yesterday
start = 53
err = 111
[OK, EXCHANGE, OK, EXCHANGE, OK, EXCHANGE, OK]
distance = 0.3952083970526102
0,94041	1,2000000179
0,52245	0,3000000045
0,476	0,6000000089
0,447	0,3000000045
0,2496	1,5000000224
0,2438	1,2000000179

MATCH!
Hey Jude
start = 12
err = 111
[OK, OK, OMISSION, OK, OMISSION, OK, OK, EXCHANGE, OK]
distance = 0.587961748010752
0,94041	0,405404985
0,52245	0,405404985
0	0,2027024925
0,476	0,2027024925
0	2,0270249248
0,447	0,405404985
0,2496	0,405404985
0,2438	0,8108099699

MATCH!
Wave
start = 20
err = 111
[OK, OMISSION, OK, EXCHANGE, OK, EXCHANGE, OK, OK]
distance = 0.7513960234668514
0,94041	0,2321426254
0	0,2321426254
0,52245	0,0803570626
0,476	0,2991068442
0,447	2,5624974417
0,2496	0,2366069066
0,2438	0,1830355315

MATCH!
Hino Do Corinthians
start = 99
err = 111
[OK, EXCHANGE, OK, OK, EXCHANGE, OK]
distance = 0.021653727821879586
0,94041	0,2500000075
0,52245	0,5000000149
0,476	0,1250000037
0,447	0,1250000037
0,2496	0,1250000037

MATCH!
Você É Linda
start = 26
err = 111
[OK, EXCHANGE, OK, OK, OK]
distance = 0.16215966813221816
0,94041	0,1666665031
0,52245	1,0111101186
0,476	0,3166663558
0,447	0,327777456

MATCH!
Sunday Bloody Sunday
start = 6
err = 112
[OK, OK, EXCHANGE, OK]
distance = 0.00842790924277285
0,94041	0,2836538018
0,52245	0,3076922596
0,476	0,2740384187

MATCH!
Tico Tico No Fubá
start = 93
err = 112
[OK, OK, EXCHANGE, OK]
distance = 0.025135110592745372
0,94041	0,6912424788
0,52245	0,1195273453
0,476	0,1310480533

