1.230,1	86,7984020906	86
1.222	86,6840262755	86
1.072,6	84,4264407553	84
959,57	82,498614362	82
746,93	78,1616342475	78
598,89	74,3374502314	74
604,28	74,4925640383	74
691,75	76,832966581	76
710,6	77,298409979	77
698,48	77,000583395	77
706,56	77,1997026417	77
MATCH!
Hino Do Corinthians
start = 113
err = 106
[OK, OK, OK, OK, OK, EXCHANGE]
distance = 0.040741960369745644
0,20317	0,5000000149
0,33669	0,5000000149
0,35411	0,5000000149
0,4412	0,5000000149
0,4005	1,0000000298

MATCH!
Chega De Saudade
start = 106
err = 106
[OK, ADDITION, OK, ADDITION, OK, OK, OK, EXCHANGE]
distance = 0.29825478604617456
0,53986	0,4285710119
0,79531	0,4285710119
0,4005	0,4285710119
0,3541	1,4999985415
0,389	0,2142855059

MATCH!
Yesterday
start = 12
err = 107
[OK, OK, OK, OK]
distance = 0.011092362126486009
0,20317	0,3000000045
0,33669	0,1500000022
0,35411	0,3000000045

MATCH!
Hey Jude
start = 31
err = 107
[OK, OK, OK, EXCHANGE, OK, EXCHANGE]
distance = 0.06840359061286912
0,20317	0,8108099699
0,33669	0,405404985
0,35411	0,405404985
0,4412	0,405404985
0,4005	0,405404985

MATCH!
Money For Nothing
start = 106
err = 107
[OK, OK, OK, OK]
distance = 0.028701450113840007
0,20317	0,4477600157
0,33669	0,2238800079
0,35411	0,219215841

MATCH!
Wave
start = 36
err = 107
[OK, EXCHANGE, OK, OK, OK, EXCHANGE]
distance = 0.0013565285525369102
0,20317	0,1830355315
0,33669	0,2053569378
0,35411	0,2232140629
0,4412	0,2098212191
0,4005	0,2321426254

MATCH!
Tarde Em Itapoã
start = 0
err = 107
[OK, OK, OK, OK]
distance = 0.0029245542035159886
0,20317	0,2307689935
0,33669	0,211538244
0,35411	0,2283651498

MATCH!
Marvin
start = 207
err = 107
[OK, OK, OK, OK]
distance = 5.238232079712428E-4
0,20317	0,3260869905
0,33669	0,4891304858
0,35411	0,4891304858

MATCH!
País Tropical
start = 66
err = 107
[OK, OK, OK, OK]
distance = 0.024849542613278614
0,20317	0,4589281252
0,33669	0,669642206
0,35411	0,3678567852

MATCH!
Palco
start = 202
err = 107
[OK, OK, OK, OK]
distance = 0.0017704192894629118
0,20317	0,1319445516
0,33669	0,1203704681
0,35411	0,2245372194

MATCH!
With Or Without You
start = 19
err = 107
[OK, OK, OK, OK]
distance = 0.019841701150633596
0,20317	0,2835645317
0,33669	0,8275454701
0,35411	0,5555550009

MATCH!
Você É Linda
start = 10
err = 107
[OK, OK, OK, OK]
distance = 0.3739117992500594
0,20317	1,3333320245
0,33669	0,3055552556
0,35411	0,327777456

MATCH!
Hino Nacional Brasileiro
start = 81
err = 107
[OK, OK, OK, OK]
distance = 0.0015277909246624597
0,20317	0,225409721
0,33669	0,254098231
0,35411	0,2633195377

MATCH!
Aquarela
start = 14
err = 108
[OK, OK, OK]
distance = 0.38159009620306167
0,20317	0,3562500053
0,33669	2,281250034

MATCH!
Sunday Bloody Sunday
start = 17
err = 108
[OK, OK, OK]
distance = 0.004796467948745604
0,20317	0,2884614933
0,33669	0,2884614933

MATCH!
Ode To Joy
start = 3
err = 108
[OK, OK, OK]
distance = 0.021657375779557515
0,20317	0,598038896
0,33669	0,5882349797

MATCH!
Tico Tico No Fubá
start = 20
err = 108
[OK, EXCHANGE, OK, OK]
distance = 9.907690950636875E-4
0,20317	0,1382484958
0,33669	0,1310480533
0,35411	0,1382484958

MATCH!
Penny Lane
start = 5
err = 108
[OK, OMISSION, OK, OK, OK]
distance = 0.047370705545649684
0,20317	0,173913002
0	0,434782505
0,33669	0,260869503
0,35411	0,260869503

