1.189,7	86,2202687302	87
1.259,7	87,2100571817	88
1.434,6	89,4608772842	90
1.296	87,7018834723	88
1.222	86,6840262755	87
1.298,7	87,7379133303	88
1.469,6	89,8781772324	90
1.324,3	88,0758546108	89
1.227,4	86,7603607167	87
1.086,1	84,6429781561	85
948,81	82,3033882983	83
MATCH!
Penny Lane
start = 81
err = 1
[OK, OK, OK, OK, OK, OK, OK, EXCHANGE, OK, OK, OK]
distance = 0.0058907989872816575
0,27284	0,173913002
0,22639	0,173913002
0,89975	0,9565215111
0,2903	0,260869503
0,4237	0,260869503
0,4993	0,521739006
1,1145	1,0434780121
0,2438	0,260869503
0,389	0,260869503
0,6327	0,521739006

MATCH!
Wave
start = 132
err = 4
[OK, OK, OK, EXCHANGE, OK, ADDITION, OK, OMISSION, OK, EXCHANGE, OK]
distance = 0.5215931166459575
0,27284	0,4241067194
0,22639	0,3705353444
0,89975	0,4241067194
0,2903	2,2053549411
0,923	0,2232140629
1,1145	0,1919640941
0	0,2366069066
0,2438	0,2053569378
0,389	0,4374995632

MATCH!
Marvin
start = 60
err = 4
[OK, OK, EXCHANGE, OK, ADDITION, OK, EXCHANGE, OK, OMISSION]
distance = 0.2907430809571435
0,27284	0,1521739289
0,22639	0,2065217607
0,89975	0,4076087382
0,714	0,5163044017
0,4993	1,6847827844
1,1145	0,4456522204
0,2438	0,4836957026

MATCH!
With Or Without You
start = 199
err = 4
[OK, EXCHANGE, OK, OK, OK, EXCHANGE, OK, EXCHANGE, OK, OK, EXCHANGE]
distance = 0.6468702910329723
0,27284	0,5497679696
0,22639	2,2337940661
0,89975	0,8333325014
0,2903	0,8217584388
0,4237	1,1226840643
0,4993	1,6666650027
1,1145	0,8391195326
0,2438	0,8275454701
0,389	0,5497679696
0,6327	1,6608779714

MATCH!
Hino Nacional Brasileiro
start = 20
err = 105
[OK, OK, EXCHANGE, OK, OK, OK, OK]
distance = 0.12895746046736015
0,27284	0,4456964938
0,22639	0,9713109797
0,89975	0,493852207
0,2903	0,3360654023
0,4237	0,1608605736
0,4993	0,3258195058

MATCH!
Chega De Saudade
start = 133
err = 105
[OK, EXCHANGE, OK, OK, OK, OK, OK]
distance = 0.1514212712097114
0,27284	1,0714275297
0,22639	0,4285710119
0,89975	0,4285710119
0,2903	0,4285710119
0,4237	0,4285710119
0,4993	0,4285710119

MATCH!
Money For Nothing
start = 47
err = 106
[OK, EXCHANGE, OK, EXCHANGE, OK, EXCHANGE, OK, EXCHANGE, OK]
distance = 0.056418458504445254
0,27284	0,4524241826
0,22639	0,4430958489
0,89975	0,2285441747
0,2903	0,2238800079
0,4237	0,2285441747
0,4993	0,2145516742
1,1145	1,1194000393
0,2438	0,1119400039

MATCH!
Aquarela
start = 133
err = 106
[OK, OK, EXCHANGE, OK, OK, OK]
distance = 0.03821658417694438
0,27284	0,3250000048
0,22639	0,2250000034
0,89975	0,3187500047
0,2903	0,2125000032
0,4237	0,5812500087

MATCH!
Tarde Em Itapoã
start = 1
err = 106
[OK, EXCHANGE, OK, EXCHANGE, OK, ADDITION, OK, OK]
distance = 0.34807772360534006
0,27284	0,1923074946
0,22639	0,249999743
0,89975	0,2139420877
0,2903	0,2475958993
0,923	0,2091344004
1,1145	2,1658631577

MATCH!
Hino Do Corinthians
start = 102
err = 106
[OK, OK, OK, OMISSION, OK, OK, OK]
distance = 0.005928257057959563
0,27284	0,1250000037
0,22639	0,1250000037
0,89975	0,1250000037
0	0,1250000037
0,2903	0,1250000037
0,4237	0,1250000037

MATCH!
Tico Tico No Fubá
start = 279
err = 106
[OK, OK, ADDITION, OK, OK, OK]
distance = 0.0010906297847064433
0,27284	0,1382484958
1,12614	0,552993983
0,2903	0,1382484958
0,4237	0,1382484958

MATCH!
Você É Linda
start = 38
err = 106
[OK, OK, OK, OK, OK]
distance = 0.20578721034470482
0,27284	0,1666665031
0,22639	0,9999990184
0,89975	0,3388885562
0,2903	0,3777774069

MATCH!
Sunday Bloody Sunday
start = 87
err = 107
[OK, EXCHANGE, OK, OK, OK]
distance = 0.7695354943581928
0,27284	2,0096150702
0,22639	0,2884614933
0,89975	0,5865383698
0,2903	0,2788461102

MATCH!
Palco
start = 212
err = 107
[OK, OK, EXCHANGE, OK, EXCHANGE, OK]
distance = 156.29305925988018
0,27284	28,9722457509
0,22639	0,1319445516
0,89975	0,2523150197
0,2903	0,2592594698
0,4237	0,2662039199

MATCH!
Ode To Joy
start = 1
err = 107
[OK, OK, OK, OMISSION, OK, OK]
distance = 0.14930418356976338
0,27284	0,5882349797
0,22639	0,5833330215
0,89975	0,598038896
0	0,5882349797
0,2903	0,5784310633

MATCH!
Yesterday
start = 5
err = 108
[OK, OK, OK]
distance = 0.03138136141518144
0,27284	0,1500000022
0,22639	0,4500000067

MATCH!
Hey Jude
start = 29
err = 108
[OK, EXCHANGE, OK, OMISSION, OK, OK]
distance = 0.10601312271094972
0,27284	0,405404985
0,22639	0,8108099699
0,89975	0,8108099699
0	0,405404985
0,2903	0,405404985

MATCH!
País Tropical
start = 15
err = 108
[OK, OK, EXCHANGE, OK]
distance = 0.007898881499840214
0,27284	0,0499999514
0,22639	0,2160712185
0,89975	0,2428569067

