947,46	82,278738155	82
1.098,2	84,8347846504	85
1.196,4	86,3174926405	86
1.060,5	84,2300303041	84
973,03	82,7397691492	83
923,24	81,830426488	82
973,03	82,7397691492	83
920,54	81,7797226592	82
812,88	79,626466427	80
736,17	77,9104252229	78
834,41	80,0790350906	80
745,59	78,1305478399	78
636,58	75,39405969	75
MATCH!
Aquarela
start = 166
err = 108
[OK, EXCHANGE, OK, OK, EXCHANGE, OK, EXCHANGE, OK]
distance = 0.13091281741121552
0,19737	0,9312500139
0,2322	0,1750000026
0,51084	0,2125000032
0,20898	0,737500011
0,3947	0,3500000052
0,238	0,2187500033
0,418	0,3437500051

MATCH!
Tico Tico No Fubá
start = 450
err = 108
[OK, EXCHANGE, OK, OK, OK, OK]
distance = 0.02382947094070339
0,19737	0,2764969915
0,2322	0,3888238943
0,51084	0,1512092922
0,20898	0,1440088497
0,3947	0,1454489382

MATCH!
Hino Nacional Brasileiro
start = 73
err = 108
[OK, EXCHANGE, OK, OK, EXCHANGE, OK, ADDITION, OK]
distance = 0.1447177262228622
0,19737	0,490778438
0,2322	0,9887290036
0,51084	0,2612703585
0,20898	0,2356556174
0,3947	0,2489752828
0,656	0,2377047967

MATCH!
Yesterday
start = 5
err = 109
[OK, OMISSION, OK, OK, EXCHANGE, OK, EXCHANGE, OK]
distance = 0.4209290446695491
0,19737	0,1500000022
0	0,4500000067
0,2322	0,3000000045
0,51084	0,3000000045
0,20898	0,9000000134
0,3947	0,3000000045
0,238	1,8000000268

MATCH!
Money For Nothing
start = 89
err = 109
[OK, ADDITION, OK, EXCHANGE, OK, EXCHANGE, OK]
distance = 0.10615696837616033
0,42957	0,219215841
0,51084	0,4430958489
0,20898	0,2285441747
0,3947	1,1147358725
0,238	0,2285441747

MATCH!
Wave
start = 25
err = 109
[OK, OK, ADDITION, OK, OK]
distance = 0.02167314681452483
0,19737	0,2366069066
0,74304	0,1830355315
0,20898	0,2499997504

MATCH!
Tarde Em Itapoã
start = 26
err = 109
[OK, OMISSION, OK, EXCHANGE, OK, EXCHANGE, OK, EXCHANGE, OK]
distance = 0.31733277176625263
0,19737	0,249999743
0	0,249999743
0,2322	0,249999743
0,51084	2,2884591855
0,20898	0,2139420877
0,3947	0,2091344004
0,238	0,2307689935
0,418	0,2307689935

MATCH!
Marvin
start = 38
err = 109
[OK, OK, EXCHANGE, OK, EXCHANGE, OK]
distance = 0.013193263887413815
0,19737	0,1630434953
0,2322	0,3260869905
0,51084	0,1630434953
0,20898	0,1630434953
0,3947	0,3260869905

MATCH!
Palco
start = 51
err = 109
[OK, ADDITION, OK, EXCHANGE, OK, EXCHANGE, OK]
distance = 0.22781852945377282
0,42957	0,606481974
0,51084	0,4050929216
0,20898	1,2384269317
0,3947	0,1388890017
0,238	0,2754631867

MATCH!
Ode To Joy
start = 24
err = 109
[OK, EXCHANGE, OK, OK, EXCHANGE, OK]
distance = 0.11533921055511395
0,19737	0,5784310633
0,2322	0,5882349797
0,51084	0,598038896
0,20898	0,8823524695
0,3947	0,2941174898

MATCH!
Penny Lane
start = 31
err = 109
[OK, OMISSION, OK, EXCHANGE, OK, EXCHANGE, OK, EXCHANGE, OK]
distance = 0.8767096072235556
0,19737	0,260869503
0	0,521739006
0,2322	1,5652170181
0,51084	0,260869503
0,20898	0,260869503
0,3947	0,521739006
0,238	0,260869503
0,418	3,1304340363

MATCH!
Chega De Saudade
start = 22
err = 109
[OK, EXCHANGE, OK, OK, EXCHANGE, OK]
distance = 0.39605308624475677
0,19737	0,8571420237
0,2322	1,4999985415
0,51084	0,2142855059
0,20898	0,4285710119
0,3947	0,4285710119

MATCH!
Hey Jude
start = 86
err = 110
[OK, EXCHANGE, OK, OK]
distance = 0.23936087259803795
0,19737	1,2162149549
0,2322	0,405404985
0,51084	0,8108099699

MATCH!
Hino Do Corinthians
start = 54
err = 110
[OK, OK, EXCHANGE, OK]
distance = 0.002607143012540683
0,19737	0,1250000037
0,2322	0,1250000037
0,51084	0,1250000037

MATCH!
With Or Without You
start = 42
err = 110
[OK, EXCHANGE, OK, OK]
distance = 0.36643075368616396
0,19737	0,2835645317
0,2322	0,5497679696
0,51084	3,0381914112

MATCH!
Você É Linda
start = 5
err = 110
[OK, EXCHANGE, OK, OK]
distance = 0.016150091750431313
0,19737	0,3111108057
0,2322	0,3111108057
0,51084	0,3111108057

MATCH!
Sunday Bloody Sunday
start = 6
err = 111
[OK, EXCHANGE, OK]
distance = 1.419709967019277E-4
0,19737	0,2836538018
0,2322	0,3076922596

MATCH!
País Tropical
start = 2
err = 111
[OK, OK]
distance = 7.703719777548943E-34
0,19737	0,2053569432

