899,01	81,3700036761	82
857,29	80,5473574943	81
915,16	81,6782456656	82
959,57	82,498614362	83
920,54	81,7797226592	82
1.243,5	86,9859729443	87
924,58	81,855535579	82
876,13	80,9236971453	81
899,01	81,3700036761	82
968,99	82,6677390398	83
912,47	81,6272832394	82
1.183	86,1224957378	86
MATCH!
Tico Tico No Fubá
start = 0
err = 0
[OK, OK, OK, OK, OK, OK, OK, OK, OK, OK, OK, OK]
distance = 0.0033271546255575807
0,40055	0,1123269028
0,27283	0,1440088497
0,3251	0,1584097347
0,3367	0,1512092922
0,3076	0,2505753986
0,8185	0,2563357526
0,3309	0,1584097347
0,3541	0,1382484958
0,2787	0,1310480533
0,3018	0,1512092922
0,3948	0,257775841

MATCH!
Aquarela
start = 131
err = 4
[OK, EXCHANGE, OK, OK, OK, EXCHANGE, OK, EXCHANGE, OK, OK, OK, EXCHANGE]
distance = 0.0525441355152759
0,40055	0,2437500036
0,27283	0,7312500109
0,3251	0,3250000048
0,3367	0,2250000034
0,3076	0,3187500047
0,8185	0,2125000032
0,3309	0,5812500087
0,3541	0,1812500027
0,2787	0,1812500027
0,3018	0,1875000028
0,3948	0,1812500027

MATCH!
Money For Nothing
start = 78
err = 5
[OK, OK, OMISSION, OK, EXCHANGE, OK, EXCHANGE, OK, EXCHANGE, OK, EXCHANGE, OK, OK]
distance = 0.06365389748026491
0,40055	0,2285441747
0,27283	0,2285441747
0	0,219215841
0,3251	0,4430958489
0,3367	0,9048483651
0,3076	0,2145516742
0,8185	0,2238800079
0,3309	0,2332083415
0,3541	0,4384316821
0,2787	0,4477600157
0,3018	0,2332083415
0,3948	0,219215841

MATCH!
Marvin
start = 100
err = 5
[OK, EXCHANGE, OK, EXCHANGE, OK, EXCHANGE, OK, EXCHANGE, OK, EXCHANGE, OK, OK]
distance = 0.008764604240585826
0,40055	0,3260869905
0,27283	0,1630434953
0,3251	0,1630434953
0,3367	0,1630434953
0,3076	0,1630434953
0,8185	0,1630434953
0,3309	0,1630434953
0,3541	0,3260869905
0,2787	0,1630434953
0,3018	0,1630434953
0,3948	0,1630434953

MATCH!
País Tropical
start = 148
err = 5
[OK, EXCHANGE, OK, EXCHANGE, OK, EXCHANGE, OK, EXCHANGE, OK, EXCHANGE, OK, OK]
distance = 0.005829978348892311
0,40055	0,2107140808
0,27283	0,2214283561
0,3251	0,2232140687
0,3367	0,198214093
0,3076	0,2089283683
0,8185	0,2214283561
0,3309	0,2214283561
0,3541	0,2160712185
0,2787	0,2107140808
0,3018	0,1999998055
0,3948	0,2392854816

MATCH!
Palco
start = 81
err = 6
[OK, EXCHANGE, OK, EXCHANGE, OK, EXCHANGE, OK, EXCHANGE, OK, EXCHANGE, OK, EXCHANGE]
distance = 1.8609969652377265
0,40055	0,27314837
0,27283	0,2824076368
0,3251	0,2615742865
0,3367	3,6875029947
0,3076	0,2777780034
0,8185	0,2592594698
0,3309	0,2824076368
0,3541	3,5833362434
0,2787	0,27314837
0,3018	0,2777780034
0,3948	0,2546298364

MATCH!
With Or Without You
start = 141
err = 107
[OK, EXCHANGE, OK, EXCHANGE, OK, EXCHANGE, OK, EXCHANGE, OK]
distance = 0.2508821042521823
0,40055	0,5497679696
0,27283	0,8333325014
0,3251	0,2777775005
0,3367	0,2777775005
0,3076	1,3888875023
0,8185	0,2835645317
0,3309	0,5497679696
0,3541	0,8333325014

MATCH!
Hino Nacional Brasileiro
start = 143
err = 107
[OK, EXCHANGE, OK, EXCHANGE, OK, EXCHANGE, OK, EXCHANGE, OK]
distance = 0.010925633675591042
0,40055	0,1567622151
0,27283	0,3381145815
0,3251	0,1588113944
0,3367	0,3104506612
0,3076	0,1506146772
0,8185	0,3534834262
0,3309	0,1465163187
0,3541	0,3401637608

MATCH!
Penny Lane
start = 82
err = 107
[OK, EXCHANGE, OK, EXCHANGE, OK, EXCHANGE, OK, OK]
distance = 0.08180180739088738
0,40055	0,173913002
0,27283	0,9565215111
0,3251	0,260869503
0,3367	0,260869503
0,3076	0,521739006
0,8185	1,0434780121
0,3309	0,260869503

MATCH!
Chega De Saudade
start = 175
err = 107
[OK, EXCHANGE, OK, EXCHANGE, OK, EXCHANGE, OK, EXCHANGE, OK]
distance = 0.08689486333237302
0,40055	0,4285710119
0,27283	0,4285710119
0,3251	0,2142855059
0,3367	0,4285710119
0,3076	0,8571420237
0,8185	0,2142855059
0,3309	0,4285710119
0,3541	0,4285710119

MATCH!
Hey Jude
start = 124
err = 108
[OK, OK, OK, OK]
distance = 0.04643983481028149
0,40055	0,6081074774
0,27283	0,2027024925
0,3251	0,8108099699

MATCH!
Wave
start = 17
err = 108
[OK, OK, OK, EXCHANGE, OK]
distance = 0.12866926519012126
0,40055	0,3214282505
0,27283	0,2857140005
0,3251	1,0803560643
0,3367	0,2321426254

MATCH!
Tarde Em Itapoã
start = 55
err = 108
[OK, EXCHANGE, OK, OK, OK]
distance = 0.0011693977290588892
0,40055	0,3076919913
0,27283	0,2307689935
0,3251	0,2692304924
0,3367	0,3461534902

MATCH!
Hino Do Corinthians
start = 106
err = 108
[OK, OK, OK, EXCHANGE, OK]
distance = 2.842172023745279E-4
0,40055	0,1250000037
0,27283	0,1250000037
0,3251	0,1250000037
0,3367	0,1250000037

MATCH!
Yesterday
start = 56
err = 109
[OK, EXCHANGE, OK, ADDITION, OK]
distance = 0.3921381451795885
0,40055	0,3000000045
0,27283	1,5000000224
0,6618	1,2000000179

MATCH!
Sunday Bloody Sunday
start = 24
err = 109
[OK, EXCHANGE, OK, EXCHANGE, OK]
distance = 0.002173934133455844
0,40055	0,2740384187
0,27283	0,2980768764
0,3251	0,2788461102
0,3367	0,2884614933

MATCH!
Ode To Joy
start = 0
err = 110
[OK, ADDITION, OK]
distance = 0.0
0,67338	0,5833330215

MATCH!
Você É Linda
start = 1
err = 110
[OK, OK]
distance = 0.0
0,40055	0,2999997055

