1.226	86,740602602	87
1.382,2	88,8166914649	89
1.532,9	90,6082578696	91
1.409,1	89,1503828468	89
1.239,5	86,9301941107	87
1.153,4	85,6838099837	86
1.037,6	83,8520994701	84
942,08	82,1801526331	82
1.183	86,1224957378	86
MATCH!
Hey Jude
start = 90
err = 1
[OK, OK, OK, OK, OK, OK, OK, OK, EXCHANGE]
distance = 1.0371646806833772
0,37152	0,405404985
0,30767	1,2162149549
0,31931	0,405404985
0,6908	1,2162149549
1,0042	0,405404985
0,3541	0,8108099699
0,2787	0,405404985
0,3425	3,0405373871

MATCH!
Você É Linda
start = 78
err = 1
[OK, OK, ADDITION, OK, OK, OK, OK, OK]
distance = 0.2779871706283427
0,37152	0,1888887035
0,62698	2,011109137
0,6908	0,6611104622
1,0042	1,0222212188
0,3541	0,3166663558
0,2787	0,3222219059

MATCH!
Ode To Joy
start = 2
err = 2
[OK, OK, ADDITION, OK, OK, OK, OK, EXCHANGE]
distance = 0.06040561777853903
0,37152	0,5833330215
0,62698	0,598038896
0,6908	0,5882349797
1,0042	0,5784310633
0,3541	0,5882349797
0,2787	0,598038896

MATCH!
Penny Lane
start = 14
err = 2
[OK, OK, OK, OK, OK, OK, EXCHANGE, OK, EXCHANGE]
distance = 0.02062888385782977
0,37152	0,173913002
0,30767	0,173913002
0,31931	0,434782505
0,6908	0,260869503
1,0042	0,260869503
0,3541	0,260869503
0,2787	0,260869503
0,3425	0,260869503

MATCH!
Hino Do Corinthians
start = 58
err = 3
[OK, OK, EXCHANGE, OK, OK, EXCHANGE, OK, OK, EXCHANGE]
distance = 0.043953782610252186
0,37152	0,2500000075
0,30767	0,2500000075
0,31931	0,2500000075
0,6908	0,2500000075
1,0042	0,5000000149
0,3541	0,1250000037
0,2787	0,1250000037
0,3425	0,7500000224

MATCH!
Palco
start = 260
err = 3
[OK, OK, EXCHANGE, OK, OK, ADDITION, OK, EXCHANGE]
distance = 0.09221543248345132
0,37152	0,5995375239
0,30767	0,5300930231
0,31931	0,4629633389
0,6908	0,333333604
1,3583	0,3148150705
0,2787	0,2777780034

MATCH!
Marvin
start = 38
err = 4
[OK, OK, OK, OMISSION, OK, OMISSION, OK, OK, EXCHANGE, OK, EXCHANGE]
distance = 1444.099553208226
0,37152	0,1630434953
0,30767	123,2391432896
0,31931	0,4510870036
0	0,5217391849
0,6908	1,3206523117
0	0,3478261232
1,0042	0,4836957026
0,3541	0,4565217867
0,2787	1,3152175285
0,3425	0,1739130616

MATCH!
País Tropical
start = 20
err = 4
[OK, OK, EXCHANGE, OK, OMISSION, OK, ADDITION, OK, EXCHANGE]
distance = 0.08673823619893035
0,37152	0,2232140687
0,30767	0,5964279915
0,31931	0,2285712063
0,6908	0,2607140322
0	0,5874994288
1,3583	0,6785707688
0,2787	0,3946424734

MATCH!
Chega De Saudade
start = 169
err = 103
[OK, OK, OK, OK, OK, OK]
distance = 0.01960869997990325
0,37152	0,2142855059
0,30767	0,2142855059
0,31931	0,4285710119
0,6908	0,2142855059
1,0042	0,4285710119

MATCH!
Money For Nothing
start = 87
err = 104
[OK, OK, OMISSION, OK, OK, OK, EXCHANGE, OK]
distance = 0.04202793546506595
0,37152	0,4477600157
0,30767	0,2332083415
0	0,219215841
0,31931	0,4430958489
0,6908	0,2285441747
1,0042	1,1147358725
0,3541	0,2285441747

MATCH!
Aquarela
start = 166
err = 104
[OK, OK, OK, OK, OK]
distance = 0.07770924689198382
0,37152	0,9312500139
0,30767	0,1750000026
0,31931	0,2125000032
0,6908	0,737500011

MATCH!
Yesterday
start = 6
err = 105
[OK, OK, EXCHANGE, OK, OK]
distance = 0.004190350610179829
0,37152	0,4500000067
0,30767	0,3000000045
0,31931	0,3000000045
0,6908	0,9000000134

MATCH!
Wave
start = 171
err = 105
[OK, OK, EXCHANGE, OK, OK]
distance = 0.02531376760686712
0,37152	0,2991068442
0,30767	0,3214282505
0,31931	0,0803570626
0,6908	0,0803570626

MATCH!
Sunday Bloody Sunday
start = 35
err = 105
[OK, OK, EXCHANGE, OK, OK]
distance = 0.04902072324252434
0,37152	0,4423076231
0,30767	0,1346153636
0,31931	0,4423076231
0,6908	0,1201922889

MATCH!
Tarde Em Itapoã
start = 1
err = 105
[OK, OK, EXCHANGE, OK, OK]
distance = 0.00534871057661497
0,37152	0,1923074946
0,30767	0,249999743
0,31931	0,2139420877
0,6908	0,2475958993

MATCH!
With Or Without You
start = 42
err = 105
[OK, OK, OK, OK]
distance = 1.6614166731241902
0,37152	0,2835645317
0,30767	0,5497679696
0,31931	3,0381914112

MATCH!
Tico Tico No Fubá
start = 142
err = 105
[OK, EXCHANGE, OK, OMISSION, OK, OK, EXCHANGE, OK]
distance = 0.024782798469209538
0,37152	0,263536195
0,30767	0,4089851333
0,31931	0,1440088497
0	0,1324881418
0,6908	0,1440088497
1,0042	0,1454489382
0,3541	0,1512092922

MATCH!
Hino Nacional Brasileiro
start = 2
err = 105
[OK, OK, OK, OK]
distance = 0.002497020292265444
0,37152	0,3176227887
0,30767	0,1762294183
0,31931	0,3022539441

