1.033,6	83,7852305554	84
1.409,1	89,1503828468	89
1.343,1	88,3198955426	88
1.041,7	83,9203731083	84
845,18	80,3010612549	80
909,78	81,5761703517	81
1.049,7	84,0528196986	84
1.325,6	88,0928409457	88
1.598,8	91,3369685881	91
1.905,7	94,3769471477	94
1.783,2	93,2267171142	93
2.044,3	95,5923779727	95
2.073,9	95,8412508314	96
MATCH!
País Tropical
start = 3
err = 108
[OK, OMISSION, OK, OK, OK, EXCHANGE, OK, OK]
distance = 0.03786970863329623
0,3541	0,2267854938
0	0,4214281617
0,33089	0,2374997691
0,35415	0,2214283561
1,7414	1,894641015
0,3251	0,1999998055
0,3077	0,2214283561

MATCH!
Money For Nothing
start = 2
err = 109
[OK, OK, OK, OK]
distance = 1.1073691832006685
0,3541	2,8964476017
0,33089	0,5876850206
0,35415	0,6483191894

MATCH!
Sunday Bloody Sunday
start = 6
err = 109
[OK, EXCHANGE, OK, OK, EXCHANGE, OK, OMISSION, OK, OMISSION, OK]
distance = 0.990600317393675
0,3541	0,2836538018
0,33089	0,3076922596
0,35415	0,2740384187
1,7414	0,1538461298
0,3251	3,0192302968
0,3077	0,2884614933
0	0,1634615129
0,2786	0,389423016
0	0,3076922596

MATCH!
Marvin
start = 76
err = 109
[OK, OK, OK, OK]
distance = 0.3058612987273486
0,3541	1,6576088686
0,33089	0,4836957026
0,35415	0,434782654

MATCH!
Palco
start = 11
err = 109
[OK, EXCHANGE, OK, OK, ADDITION, OK, OMISSION, OK]
distance = 0.11657811347911291
0,3541	0,2615742865
0,33089	0,2662039199
0,35415	0,2708335533
2,0665	0,5439819233
0,3077	0,4120373717
0	0,7175931754

MATCH!
Tico Tico No Fubá
start = 28
err = 109
[OK, OK, ADDITION, OK, EXCHANGE, OK]
distance = 0.031156377799942164
0,3541	0,2260938941
0,68504	0,2764969915
1,7414	0,1454489382
0,3251	0,2764969915

MATCH!
Hino Nacional Brasileiro
start = 183
err = 109
[OK, OMISSION, OK, OK, OMISSION, OK, OK, OK]
distance = 0.033964366132584405
0,3541	0,2479506931
0	0,2428277449
0,33089	0,2325818485
0,35415	0,2571719999
0	0,2172130039
1,7414	0,2643441274
0,3251	0,2479506931

MATCH!
Penny Lane
start = 103
err = 109
[OK, EXCHANGE, OK, OMISSION, OK, EXCHANGE, OK, OK]
distance = 0.6330944704765471
0,3541	0,521739006
0,33089	0,521739006
0,35415	0,260869503
0	0,260869503
1,7414	0,260869503
0,3251	0,260869503
0,3077	2,0869560242

MATCH!
Chega De Saudade
start = 141
err = 109
[OK, OK, EXCHANGE, OK, OK]
distance = 0.07903513953118141
0,3541	0,4285710119
0,33089	0,4285710119
0,35415	0,4285710119
1,7414	0,4285710119

MATCH!
Yesterday
start = 164
err = 110
[OK, EXCHANGE, OK, OK]
distance = 0.2426093625175959
0,3541	0,6000000089
0,33089	0,3000000045
0,35415	1,5000000224

MATCH!
Hey Jude
start = 67
err = 110
[OK, OK, EXCHANGE, OK]
distance = 0.04103590751601902
0,3541	0,405404985
0,33089	0,8108099699
0,35415	0,8108099699

MATCH!
Wave
start = 329
err = 110
[OK, OK, EXCHANGE, OK]
distance = 1.3872027095935549
0,3541	2,8258900358
0,33089	0,2098212191
0,35415	0,3705353444

MATCH!
Tarde Em Itapoã
start = 258
err = 110
[OK, OK, EXCHANGE, OK]
distance = 0.0773598939099794
0,3541	0,4254803318
0,33089	1,0552873765
0,35415	0,7115377299

MATCH!
Hino Do Corinthians
start = 28
err = 110
[OK, OK, EXCHANGE, OK]
distance = 1.0826099912926408
0,3541	0,2500000075
0,33089	2,5000000745
0,35415	0,5000000149

MATCH!
With Or Without You
start = 243
err = 110
[OK, OK, EXCHANGE, OK]
distance = 1.8092423558279638
0,3541	3,3275429741
0,33089	3,3333300054
0,35415	0,5613420322

MATCH!
Ode To Joy
start = 183
err = 110
[OK, EXCHANGE, OK, OK]
distance = 4.091732806736509E-4
0,3541	0,5784310633
0,33089	0,5882349797
0,35415	0,598038896

MATCH!
Você É Linda
start = 5
err = 110
[OK, EXCHANGE, OK, OMISSION, OK, EXCHANGE, OK]
distance = 0.36071203181336253
0,3541	0,3111108057
0,33089	0,3111108057
0,35415	0,3111108057
0	0,5777772106
1,7414	0,0999999018
0,3251	1,3333320245

MATCH!
Aquarela
start = 1
err = 111
[OK, OK, OMISSION, OK, OMISSION, OK]
distance = 0.055398873603765796
0,3541	0,1812500027
0,33089	0,1875000028
0	0,3625000054
0,35415	0,200000003
0	0,3812500057

