1.387,5	88,8829481112	89
1.298,7	87,7379133303	88
1.383,5	88,832966581	89
1.304,1	87,809748871	88
1.005,3	83,3046079622	84
872,09	80,843682067	81
1.130,5	85,3366267587	86
855,94	80,5200737502	81
MATCH!
Money For Nothing
start = 0
err = 2
[OK, OK, OMISSION, OK, OK, OK, OK, OK, EXCHANGE]
distance = 1.1394796605486663
1,13197	0,8115650285
0,2961	0,8162291953
0	2,8964476017
0,296	0,5876850206
0,6386	0,6483191894
1,1552	0,6436550226
0,3134	0,6343266889
0,7024	0,7042891914

MATCH!
Yesterday
start = 62
err = 3
[OK, OK, EXCHANGE, OK, OMISSION, OK, ADDITION, OK]
distance = 0.06758335337730671
1,13197	0,6000000089
0,2961	0,3000000045
0,296	0,6000000089
0,6386	0,6000000089
0	0,3000000045
1,4686	0,6000000089

MATCH!
Aquarela
start = 138
err = 3
[OK, OK, OK, OK, OMISSION, OK, EXCHANGE, OK, EXCHANGE]
distance = 0.02430877198324894
1,13197	0,1812500027
0,2961	0,1812500027
0,296	0,1875000028
0,6386	0,1812500027
0	0,2625000039
1,1552	0,4562500068
0,3134	0,3625000054
0,7024	0,2250000034

MATCH!
Penny Lane
start = 171
err = 3
[OK, OMISSION, OK, OK, OK, EXCHANGE, OK, OMISSION]
distance = 0.07956857090526245
1,13197	0,7826085091
0	0,521739006
0,2961	0,521739006
0,296	0,521739006
0,6386	0,521739006
1,1552	0,521739006
0,3134	0,260869503

MATCH!
Chega De Saudade
start = 11
err = 3
[OK, OK, OMISSION, OK, OK, EXCHANGE, OK, EXCHANGE, OK]
distance = 0.3878898402037624
1,13197	0,4285710119
0,2961	0,4285710119
0	0,4285710119
0,296	0,4999995138
0,6386	0,2857140079
1,1552	0,2857140079
0,3134	1,7142840475
0,7024	0,8571420237

MATCH!
Wave
start = 188
err = 4
[OK, OK, ADDITION, OK, OMISSION, OK, OMISSION, OK, EXCHANGE]
distance = 0.06924373465048331
1,13197	0,2098212191
0,5921	0,2053569378
0,6386	0,6651779073
0	0,450892407
1,1552	0,3973210319
0	0,2098212191
0,3134	0,2098212191

MATCH!
Marvin
start = 64
err = 4
[OK, OMISSION, OK, ADDITION, OK, EXCHANGE, OK, EXCHANGE]
distance = 0.16475509824144693
1,13197	1,6847827844
0	0,4456522204
0,5921	0,4836957026
0,6386	0,6684783306
1,1552	0,4782609195
0,3134	0,4565217867

MATCH!
País Tropical
start = 40
err = 4
[OK, OK, EXCHANGE, OK, OMISSION, OK, EXCHANGE, OK, EXCHANGE]
distance = 0.08716023114977156
1,13197	0,1892855302
0,2961	0,2589283197
0,296	0,416071024
0,6386	0,828570623
0	0,2249997812
1,1552	0,2303569189
0,3134	0,4142853115
0,7024	0,2232140687

MATCH!
Palco
start = 207
err = 4
[OK, EXCHANGE, OK, EXCHANGE, OK, EXCHANGE, OK, EXCHANGE]
distance = 116.25954489525559
1,13197	0,2384261196
0,2961	0,1412038184
0,296	0,1712964354
0,6386	0,2083335025
1,1552	0,1875001523
0,3134	28,9722457509
0,7024	0,1319445516

MATCH!
Tico Tico No Fubá
start = 445
err = 4
[OK, OK, EXCHANGE, OK, OMISSION, OK, OK, OMISSION, OK, EXCHANGE]
distance = 0.017690807140345422
1,13197	0,2592159295
0,2961	0,1684903542
0,296	0,1252876993
0,6386	0,2764969915
0	0,1382484958
1,1552	0,2764969915
0,3134	0,3888238943
0	0,1512092922
0,7024	0,1440088497

MATCH!
Hey Jude
start = 22
err = 104
[OK, OK, OK, EXCHANGE, OK]
distance = 0.025447405484442055
1,13197	0,405404985
0,2961	0,405404985
0,296	0,2027024925
0,6386	0,405404985

MATCH!
Tarde Em Itapoã
start = 12
err = 104
[OK, OK, EXCHANGE, OK, OK, OMISSION, OK]
distance = 0.2073749011178263
1,13197	0,211538244
0,2961	0,249999743
0,296	0,8846144751
0,6386	0,9423067234
1,1552	0,4999994859
0	0,4230764881

MATCH!
Hino Do Corinthians
start = 38
err = 104
[OK, EXCHANGE, OK, EXCHANGE, OK, OK]
distance = 0.059433801047100165
1,13197	0,2500000075
0,2961	0,2500000075
0,296	0,2500000075
0,6386	0,2500000075
1,1552	1,0000000298

MATCH!
Hino Nacional Brasileiro
start = 145
err = 104
[OK, OK, OK, OK]
distance = 0.02520455279077226
1,13197	0,1588113944
0,2961	0,3104506612
0,296	0,1506146772

MATCH!
Sunday Bloody Sunday
start = 26
err = 105
[OK, EXCHANGE, OK, EXCHANGE, OK]
distance = 0.022174037733410538
1,13197	0,2788461102
0,2961	0,2884614933
0,296	0,2980768764
0,6386	0,2788461102

MATCH!
With Or Without You
start = 33
err = 105
[OK, EXCHANGE, OK, EXCHANGE, OK]
distance = 0.22022697561712434
1,13197	1,6550909402
0,2961	0,2777775005
0,296	0,289351563
0,6386	1,9328684406

MATCH!
Você É Linda
start = 1
err = 105
[OK, OK, EXCHANGE, OK]
distance = 0.5070847174833945
1,13197	0,2999997055
0,2961	0,3499996564
0,296	1,3388875746

MATCH!
Ode To Joy
start = 5
err = 106
[OK, OK]
distance = 0.0
1,13197	0,5784310633

