1.383,5	88,832966581	89
1.388,9	88,9004076118	89
1.390,2	88,9166042541	89
1.254,3	87,1356842442	87
1.109	85,0042072396	85
1.246,2	87,0235223178	87
1.399,7	89,0345065949	89
1.446,8	89,6074808909	90
1.512,7	90,3786056461	90
1.441,4	89,5427438592	90
1.239,5	86,9301941107	87
1.102,2	84,897727241	85
1.211,2	86,5303401789	87
1.118,4	85,1503300436	85
MATCH!
With Or Without You
start = 18
err = 107
[OK, OK, OK, OK, OK, OK, OK, EXCHANGE]
distance = 0.022933833060772794
0,27284	0,2777775005
0,27864	0,2835645317
0,73721	0,8275454701
0,5805	0,5555550009
0,4064	0,289351563
0,4237	0,5555550009
1,6254	1,0995359393

MATCH!
Marvin
start = 112
err = 108
[OK, OK, OMISSION, OK, OK, OK, EXCHANGE, OK, OK, EXCHANGE]
distance = 0.19794391038121345
0,27284	0,8152174763
0,27864	0,1630434953
0	0,1630434953
0,73721	0,3260869905
0,5805	0,3260869905
0,4064	0,3260869905
0,4237	1,1413044669
1,6254	0,1630434953
0,3425	0,3260869905

MATCH!
Palco
start = 201
err = 108
[OK, OK, OK, OK, OK, OK]
distance = 0.006244356612080711
0,27284	0,2060186858
0,27864	0,1319445516
0,73721	0,1203704681
0,5805	0,2245372194
0,4064	0,1527779019

MATCH!
Ode To Joy
start = 40
err = 108
[OK, EXCHANGE, OK, OK, OK, OK, OMISSION, OK, EXCHANGE, OK]
distance = 0.06773496744137894
0,27284	0,2843135735
0,27864	0,2941174898
0,73721	0,5882349797
0,5805	0,5882349797
0,4064	0,5882349797
0,4237	0,5882349797
0	0,5882349797
1,6254	1,1764699593
0,3425	0,598038896

MATCH!
Você É Linda
start = 87
err = 108
[OK, EXCHANGE, OK, OK, EXCHANGE, OK, OK, OK, EXCHANGE]
distance = 0.8439697055672557
0,27284	0,3722218568
0,27864	0,3666663067
0,73721	0,488888409
0,5805	0,4722217587
0,4064	2,7333306503
0,4237	0,3166663558
1,6254	0,3111108057
0,3425	0,3499996564

MATCH!
Penny Lane
start = 65
err = 108
[OK, OK, EXCHANGE, OK, EXCHANGE, OK, OK, OK, EXCHANGE]
distance = 0.2961168443380843
0,27284	0,260869503
0,27864	0,260869503
0,73721	0,260869503
0,5805	0,260869503
0,4064	0,260869503
0,4237	0,521739006
1,6254	0,260869503
0,3425	1,5652170181

MATCH!
Yesterday
start = 11
err = 109
[OK, OK, OK, OK, OK]
distance = 0.6817871925718502
0,27284	1,8000000268
0,27864	0,3000000045
0,73721	0,1500000022
0,5805	0,3000000045

MATCH!
Hey Jude
start = 281
err = 109
[OK, EXCHANGE, OK, OK, EXCHANGE, OK, OK, EXCHANGE]
distance = 0.6660943476881068
0,27284	0,2027024925
0,27864	0,2027024925
0,73721	0,405404985
0,5805	2,4324299097
0,4064	0,2027024925
0,4237	0,2027024925
1,6254	0,405404985

MATCH!
Money For Nothing
start = 99
err = 109
[OK, EXCHANGE, OK, OK, EXCHANGE, OK, OK, EXCHANGE]
distance = 0.016275214808454317
0,27284	0,2145516742
0,27864	0,2285441747
0,73721	0,2238800079
0,5805	0,219215841
0,4064	0,2238800079
0,4237	0,2238800079
1,6254	0,2285441747

MATCH!
Wave
start = 100
err = 109
[OK, OK, OK, OK, OK]
distance = 1.53411608135265
0,27284	0,8928562514
0,27864	2,7723186607
0,73721	1,0491060955
0,5805	0,1830355315

MATCH!
Tarde Em Itapoã
start = 0
err = 109
[OK, OK, ADDITION, OK, OK, OK, EXCHANGE]
distance = 0.010974746379321255
0,27284	0,2307689935
1,01585	0,211538244
0,5805	0,2283651498
0,4064	0,2139420877
0,4237	0,249999743

MATCH!
País Tropical
start = 41
err = 109
[OK, EXCHANGE, OK, OK, OK, OK]
distance = 0.03178363045062166
0,27284	0,2589283197
0,27864	0,416071024
0,73721	0,828570623
0,5805	0,2249997812
0,4064	0,2303569189

MATCH!
Tico Tico No Fubá
start = 137
err = 109
[OK, OK, OK, OK, EXCHANGE, OK]
distance = 0.0019154341872628124
0,27284	0,1512092922
0,27864	0,1382484958
0,73721	0,2563357526
0,5805	0,1324881418
0,4064	0,1440088497

MATCH!
Aquarela
start = 104
err = 110
[OK, EXCHANGE, OK, OK, OK, OMISSION, OK]
distance = 0.009790659428076129
0,27284	0,1812500027
0,27864	0,1750000026
0,73721	0,3937500059
0,5805	0,400000006
0,4064	0,3562500053
0	0,2062500031

MATCH!
Sunday Bloody Sunday
start = 33
err = 110
[OK, OK, OMISSION, OK, OK, EXCHANGE, OK]
distance = 0.1053560513777339
0,27284	0,7307691164
0,27864	0,1346153636
0	0,4423076231
0,73721	0,1346153636
0,5805	0,4423076231
0,4064	0,1201922889

MATCH!
Hino Do Corinthians
start = 59
err = 110
[OK, EXCHANGE, OK, OK, OK]
distance = 0.018564706510295806
0,27284	0,2500000075
0,27864	0,2500000075
0,73721	0,2500000075
0,5805	0,5000000149

MATCH!
Hino Nacional Brasileiro
start = 57
err = 110
[OK, OK, EXCHANGE, OK, OK]
distance = 0.010061384366261826
0,27284	0,2489752828
0,27864	0,2479506931
0,73721	0,2356556174
0,5805	0,2489752828

MATCH!
Chega De Saudade
start = 92
err = 110
[OK, EXCHANGE, OK, ADDITION, OK, OMISSION, OK, EXCHANGE, OK, OMISSION, OK]
distance = 0.7173540567595191
0,27284	1,4999985415
0,27864	0,2142855059
1,31771	0,4285710119
0,4064	0,4285710119
0	1,7142840475
0,4237	1,2857130356
1,6254	0,4285710119
0,3425	0,4285710119
0	0,4285710119

