820	79,7774446318	80
1.060	84,2218660311	84
920	81,769564049	82
675	76,408607741	76
820	79,7774446318	80
1.050	84,0577667883	84
1.050	84,0577667883	84
MATCH!
Yesterday
start = 22
err = 1
[OK, OK, OK, EXCHANGE, OK, OK, OK]
distance = 0.012336956889409096
0,8	0,6000000089
0,3	0,3000000045
1,2	1,2000000179
0,5	0,3000000045
0,5	0,6000000089
0,3	0,3000000045

MATCH!
Money For Nothing
start = 221
err = 2
[OK, OK, OK, ADDITION, OK, EXCHANGE]
distance = 43.34586214744391
0,8	14,5475363443
0,3	0,2238800079
1,7	0,219215841
0,5	0,2238800079

MATCH!
Aquarela
start = 313
err = 2
[OK, EXCHANGE, OK, ADDITION, OK, OK]
distance = 0.09184547875465035
0,8	0,3750000056
0,3	0,2062500031
1,7	0,3812500057
0,5	0,7250000108

MATCH!
Palco
start = 86
err = 2
[OK, OK, OK, EXCHANGE, OK, OK, EXCHANGE]
distance = 3.98241516744717
0,8	4,5879666889
0,3	0,1180556514
1,2	0,1412038184
0,5	0,1759260688
0,5	3,9699106314
0,3	0,1388890017

MATCH!
Ode To Joy
start = 118
err = 2
[OK, OMISSION, OK, OK, EXCHANGE, OK, OK, OK]
distance = 0.165690943003668
0,8	0,5784310633
0	0,5931369378
0,3	0,5931369378
1,2	0,8823524695
0,5	0,2941174898
0,5	1,1764699593
0,3	0,5833330215

MATCH!
País Tropical
start = 50
err = 3
[OK, EXCHANGE, OK, ADDITION, OK, EXCHANGE]
distance = 0.00916764790648103
0,8	0,233928344
0,3	0,2464283318
1,7	0,4089281738
0,5	0,2160712185

MATCH!
Hino Nacional Brasileiro
start = 12
err = 3
[OK, EXCHANGE, OK, ADDITION, OK, EXCHANGE]
distance = 0.01058957267288712
0,8	0,3350408126
0,3	0,1690572908
1,7	0,3155736094
0,5	0,1834015457

MATCH!
Wave
start = 20
err = 104
[OK, EXCHANGE, OK, EXCHANGE, OK, EXCHANGE]
distance = 1.115995303012942
0,8	0,2321426254
0,3	0,2321426254
1,2	0,0803570626
0,5	0,2991068442
0,5	2,5624974417

MATCH!
Sunday Bloody Sunday
start = 193
err = 104
[OK, EXCHANGE, OK, EXCHANGE, OK, EXCHANGE]
distance = 0.1814233061750444
0,8	0,2884614933
0,3	0,1442307467
1,2	1,8124997164
0,5	0,0480769156
0,5	0,2932691849

MATCH!
Tarde Em Itapoã
start = 20
err = 104
[OK, OK, OK]
distance = 0.1386983449227839
0,8	0,3461534902
0,3	0,6923069805

MATCH!
Hino Do Corinthians
start = 13
err = 104
[OK, OK, OK]
distance = 0.010702055432412733
0,8	0,2500000075
0,3	0,2500000075

MATCH!
Marvin
start = 57
err = 104
[OK, EXCHANGE, OK, EXCHANGE, OK, EXCHANGE]
distance = 0.03229806752675413
0,8	0,1630434953
0,3	0,1630434953
1,2	0,1630434953
0,5	0,1630434953
0,5	0,4891304858

MATCH!
With Or Without You
start = 92
err = 104
[OK, EXCHANGE, OK, EXCHANGE, OK, EXCHANGE]
distance = 0.04826289143075764
0,8	0,2777775005
0,3	0,5555550009
1,2	0,8333325014
0,5	0,289351563
0,5	0,5497679696

MATCH!
Tico Tico No Fubá
start = 105
err = 104
[OK, EXCHANGE, OK, EXCHANGE, OK, EXCHANGE]
distance = 0.027809182257806812
0,8	0,2764969915
0,3	0,4017846908
1,2	0,1382484958
0,5	0,1324881418
0,5	0,1440088497

MATCH!
Você É Linda
start = 13
err = 104
[OK, OK, OK]
distance = 0.03084807067437421
0,8	0,3444441063
0,3	0,3944440573

MATCH!
Penny Lane
start = 26
err = 104
[OK, EXCHANGE, OK, EXCHANGE, OK, EXCHANGE]
distance = 0.03527535965822608
0,8	0,260869503
0,3	0,260869503
1,2	0,260869503
0,5	0,260869503
0,5	0,521739006

MATCH!
Chega De Saudade
start = 2
err = 104
[OK, EXCHANGE, OK, EXCHANGE, OK, EXCHANGE]
distance = 0.08819061043490319
0,8	1,0714275297
0,3	0,4285710119
1,2	1,0714275297
0,5	0,8571420237
0,5	1,0714275297

MATCH!
Hey Jude
start = 5
err = 105
[OK, EXCHANGE, OK]
distance = 0.11257068618023029
0,8	2,4324299097
0,3	0,405404985

