679,19	76,5157403267	76
886,54	81,1281864255	81
932,62	82,0054301376	82
1.054,2	84,1268780198	84
1.119,5	85,1673491919	85
1.033,7	83,7869054299	84
1.105,4	84,9479170656	85
1.220,6	86,6641807999	86
1.270,5	87,3578513583	87
1.333,2	88,1918135244	88
905,74	81,4991213839	81
MATCH!
Wave
start = 161
err = 105
[OK, EXCHANGE, OK, ADDITION, OK, OK, OK, OK]
distance = 0.015543339683054781
0,52	0,2232140629
0,5	0,2053569378
0,54	0,2098212191
0,38	0,2589283129
0,21	0,3705353444
0,38	0,0803570626

MATCH!
Hino Nacional Brasileiro
start = 22
err = 106
[OK, EXCHANGE, OK, EXCHANGE, OK, EXCHANGE, OK, OK]
distance = 0.015920316515574042
0,52	0,493852207
0,5	0,3360654023
0,34	0,1608605736
0,2	0,3258195058
0,38	0,1711064701
0,21	0,3278686851
0,38	0,1516392669

MATCH!
Yesterday
start = 2
err = 107
[OK, EXCHANGE, OK, OK, OK]
distance = 0.7200133350675365
0,52	2,550000038
0,5	0,3000000045
0,34	0,3000000045
0,2	0,1500000022

MATCH!
País Tropical
start = 116
err = 107
[OK, EXCHANGE, OK, OK, EXCHANGE, OK]
distance = 0.11903620856087276
0,52	0,4089281738
0,5	1,2839273231
0,34	0,2410711942
0,2	0,2410711942
0,38	0,2089283683

MATCH!
Money For Nothing
start = 26
err = 108
[OK, OK, EXCHANGE, OK]
distance = 0.024365985278572765
0,52	0,219215841
0,5	0,4477600157
0,34	0,4524241826

MATCH!
Hino Do Corinthians
start = 34
err = 108
[OK, OMISSION, OK, EXCHANGE, OK, EXCHANGE, OK]
distance = 0.09446104089766577
0,52	1,0000000298
0	0,5000000149
0,5	0,2500000075
0,34	0,2500000075
0,2	0,2500000075
0,38	0,2500000075

MATCH!
Ode To Joy
start = 61
err = 108
[OK, EXCHANGE, OK, EXCHANGE, OK]
distance = 14.459002049510913
0,52	10,5882296339
0,5	0,5833330215
0,34	0,5882349797
0,2	0,5833330215

MATCH!
Tico Tico No Fubá
start = 32
err = 108
[OK, OK, EXCHANGE, OK]
distance = 0.004616661391603489
0,52	0,1771308852
0,5	0,2376146021
0,34	0,2563357526

MATCH!
Penny Lane
start = 79
err = 108
[OK, OMISSION, OK, OK, OK]
distance = 0.3712045405714031
0,52	0,173913002
0	1,2173910141
0,5	0,173913002
0,34	0,173913002

MATCH!
Chega De Saudade
start = 72
err = 108
[OK, OK, OK]
distance = 7.058920530984551E-5
0,52	0,4285710119
0,5	0,4285710119

MATCH!
Hey Jude
start = 20
err = 109
[OK, OK]
distance = 0.0
0,52	0,405404985

MATCH!
Aquarela
start = 1
err = 109
[OK, OK]
distance = 0.0
0,52	0,1812500027

MATCH!
Sunday Bloody Sunday
start = 201
err = 109
[OK, OK]
distance = 0.0
0,52	0,5721152951

MATCH!
Tarde Em Itapoã
start = 29
err = 109
[OK, OK]
distance = 1.9721522630525295E-31
0,52	2,2884591855

MATCH!
Marvin
start = 6
err = 109
[OK, OK]
distance = 0.0
0,52	0,3260869905

MATCH!
Palco
start = 23
err = 109
[OK, OK]
distance = 7.888609052210118E-31
0,52	6,7893573656

MATCH!
With Or Without You
start = 78
err = 109
[OK, OK]
distance = 1.232595164407831E-32
0,52	0,5555550009

MATCH!
Você É Linda
start = 21
err = 109
[OK, OMISSION, OK, OK]
distance = 0.026824691202846723
0,52	0,3611107566
0	0,2833330552
0,5	0,3666663067

