990,53	83,04836576	83
1.288	87,5946859751	87
818,26	79,7406696586	80
955,54	82,425752923	82
1.472,3	89,9099548812	90
1.343,1	88,3198955426	88
1.257	87,1729106508	87
998,6	83,188840595	83
MATCH!
País Tropical
start = 0
err = 1
[OK, OK, OK, EXCHANGE, OK, OK, OK, OK]
distance = 0.002444555267775851
0,52245	0,416071024
1,74735	1,7053554847
0,238	0,2053569432
0,3018	0,2267854938
0,4006	0,4214281617
0,2554	0,2374997691
0,2902	0,2214283561

MATCH!
Hino Do Corinthians
start = 0
err = 3
[OK, EXCHANGE, OK, OMISSION, OK, EXCHANGE, OK, OK, OK]
distance = 0.09717632433491832
0,52245	0,2500000075
1,74735	0,2500000075
0,238	0,5000000149
0	0,1250000037
0,3018	0,1250000037
0,4006	0,5000000149
0,2554	0,5000000149
0,2902	0,5000000149

MATCH!
Tarde Em Itapoã
start = 83
err = 4
[OK, EXCHANGE, OK, EXCHANGE, OK, EXCHANGE, OK, EXCHANGE]
distance = 0.20254132349603157
0,52245	0,4423072375
1,74735	0,4807687365
0,238	1,1538449675
0,3018	0,2307689935
0,4006	0,4230764881
0,2554	0,2740381798
0,2902	0,4374995502

MATCH!
Tico Tico No Fubá
start = 502
err = 4
[OK, EXCHANGE, OK, EXCHANGE, OK, OMISSION, OK, OK, EXCHANGE]
distance = 0.042677311430404
0,52245	0,1310480533
1,74735	0,1324881418
0,238	0,1440088497
0,3018	0,4665886732
0,4006	0,3701027439
0	0,1440088497
0,2554	0,1324881418
0,2902	0,1512092922

MATCH!
Hey Jude
start = 291
err = 104
[OK, EXCHANGE, OK, EXCHANGE, OK, OK]
distance = 1.499188601232526
0,52245	3,2432398796
1,74735	1,6216199398
0,238	0,8108099699
0,3018	0,8108099699
0,4006	0,2027024925

MATCH!
Você É Linda
start = 13
err = 104
[OK, OK, EXCHANGE, OK, OMISSION, OK, OK]
distance = 1.5732185417560316
0,52245	0,3444441063
1,74735	0,3944440573
0,238	0,4944439591
0,3018	3,1444413578
0	0,3166663558
0,4006	0,3333330061

MATCH!
Yesterday
start = 62
err = 105
[OK, EXCHANGE, OK, OK]
distance = 0.17527347758047762
0,52245	0,6000000089
1,74735	0,3000000045
0,238	0,6000000089

MATCH!
Money For Nothing
start = 109
err = 105
[OK, OK, OK]
distance = 0.003603469851886848
0,52245	0,2238800079
1,74735	0,4524241826

MATCH!
Wave
start = 94
err = 105
[OK, EXCHANGE, OK, OK]
distance = 0.04636777887283536
0,52245	0,1874998128
1,74735	0,2455354691
0,238	0,3973210319

MATCH!
Sunday Bloody Sunday
start = 2
err = 105
[OK, EXCHANGE, OK, OK]
distance = 2.4037229047459863
0,52245	2,8798072417
1,74735	0,2740384187
0,238	0,302884568

MATCH!
Marvin
start = 19
err = 105
[OK, EXCHANGE, OK, OK]
distance = 0.019960020201001388
0,52245	0,3260869905
1,74735	0,3260869905
0,238	0,1630434953

MATCH!
Palco
start = 98
err = 105
[OK, EXCHANGE, OK, OK]
distance = 0.004965241595569526
0,52245	0,1273149182
1,74735	0,2592594698
0,238	0,1504630852

MATCH!
With Or Without You
start = 206
err = 105
[OK, EXCHANGE, OK, OK]
distance = 0.9334162731972157
0,52245	0,8275454701
1,74735	0,5497679696
0,238	1,6608779714

MATCH!
Hino Nacional Brasileiro
start = 141
err = 105
[OK, EXCHANGE, OK, OK]
distance = 0.002496347266800356
0,52245	0,4743850038
1,74735	1,2950813062
0,238	0,1567622151

MATCH!
Penny Lane
start = 44
err = 105
[OK, EXCHANGE, OK, OK]
distance = 0.08148595467510879
0,52245	0,173913002
1,74735	2,2608690262
0,238	0,173913002

MATCH!
Chega De Saudade
start = 62
err = 105
[OK, OK, OMISSION, OK, OK]
distance = 0.07177663221937497
0,52245	0,4285710119
1,74735	0,4285710119
0	0,4285710119
0,238	0,2142855059

MATCH!
Aquarela
start = 3
err = 106
[OK, EXCHANGE, OK]
distance = 0.042054322984937074
0,52245	0,3625000054
1,74735	0,200000003

MATCH!
Ode To Joy
start = 4
err = 106
[OK, EXCHANGE, OK]
distance = 0.07915514794159235
0,52245	0,5882349797
1,74735	0,5784310633

