791,35	79,1617486848	79
808,84	79,5402098596	79
894,97	81,2920295919	81
948,81	82,3033882983	82
1.061,9	84,2528698067	84
1.219,3	86,6457324662	86
952,84	82,3767654567	82
806,15	79,4825373799	79
MATCH!
Sunday Bloody Sunday
start = 3
err = 0
[OK, OK, OK, OK, OK, OK, OK, OK]
distance = 0.006995610788671077
0,29025	0,2740384187
0,3425	0,302884568
0,22059	0,2788461102
0,43541	0,2836538018
0,2844	0,3076922596
0,476	0,2740384187
0,3599	0,1538461298

MATCH!
Hino Do Corinthians
start = 36
err = 2
[OK, ADDITION, OK, ADDITION, OK, OK]
distance = 0.005941411714290312
0,63275	0,2500000075
0,656	0,2500000075
0,2844	0,2500000075

MATCH!
Marvin
start = 163
err = 2
[OK, OK, EXCHANGE, OK, OK, OK, OK, EXCHANGE]
distance = 0.0037614980567141254
0,29025	0,1630434953
0,3425	0,1630434953
0,22059	0,1630434953
0,43541	0,1630434953
0,2844	0,1630434953
0,476	0,3260869905
0,3599	0,3260869905

MATCH!
Você É Linda
start = 83
err = 2
[OK, EXCHANGE, OK, OK, OK, OK, OMISSION, OK, OK]
distance = 0.43296550616339846
0,29025	0,3222219059
0,3425	0,3499996564
0,22059	2,0722201881
0,43541	0,4944439591
0,2844	0,3722218568
0,476	0,3666663067
0	0,488888409
0,3599	0,4722217587

MATCH!
Chega De Saudade
start = 109
err = 2
[OK, OK, OK, OK, OMISSION, OK, ADDITION, OK]
distance = 0.30127039832571606
0,29025	1,4999985415
0,3425	0,2142855059
0,22059	0,4285710119
0,43541	0,4285710119
0	0,4285710119
0,7604	0,4285710119

MATCH!
Hey Jude
start = 230
err = 3
[OK, EXCHANGE, OK, ADDITION, OK, OMISSION]
distance = 0.20486170293420397
0,29025	0,2027024925
0,3425	1,2162149549
0,656	0,405404985
0,2844	0,405404985

MATCH!
With Or Without You
start = 97
err = 3
[OK, OK, EXCHANGE, OK, OMISSION, OK, EXCHANGE, OK, OK]
distance = 0.189356943304758
0,29025	0,289351563
0,3425	0,5439809384
0,22059	1,1111100018
0,43541	0,2719904692
0	0,2835645317
0,2844	1,1111100018
0,476	0,2777775005
0,3599	0,5613420322

MATCH!
Ode To Joy
start = 13
err = 3
[OK, OK, OK, OMISSION, OK, OK, EXCHANGE, OK, EXCHANGE]
distance = 0.10853972099438021
0,29025	0,2941174898
0,3425	1,1764699593
0,22059	0,5882349797
0	0,5882349797
0,43541	0,5833330215
0,2844	0,5931369378
0,476	0,5882349797
0,3599	0,5882349797

MATCH!
Tico Tico No Fubá
start = 285
err = 3
[OK, ADDITION, OK, OK, OK, OMISSION, OK, EXCHANGE]
distance = 0.005412257648847261
0,63275	0,1382484958
0,22059	0,1382484958
0,43541	0,1180872568
0,2844	0,1584097347
0	0,1382484958
0,476	0,1382484958

MATCH!
País Tropical
start = 62
err = 4
[OK, OMISSION, OK, ADDITION, OK, EXCHANGE, OK, EXCHANGE]
distance = 0.03935625137100923
0,29025	0,4374995746
0	0,1910712428
0,56309	0,233928344
0,43541	0,3892853358
0,2844	0,4589281252
0,476	0,669642206

MATCH!
Hino Nacional Brasileiro
start = 63
err = 4
[OK, OK, EXCHANGE, OK, OMISSION, OK, EXCHANGE, OK, EXCHANGE]
distance = 0.09123764471445217
0,29025	0,2418031553
0,3425	0,4754095934
0,22059	1,0225404617
0,43541	0,3176227887
0	0,1793031872
0,2844	0,4918030277
0,476	0,7428274897
0,3599	0,251024462

MATCH!
Wave
start = 8
err = 5
[OK, EXCHANGE, OK, EXCHANGE, OK, OMISSION, OK, OMISSION, OK, EXCHANGE]
distance = 0.42458368047578793
0,29025	0,2276783441
0,3425	0,2321426254
0,22059	0,4241067194
0,43541	2,5223189103
0,2844	0,4598209695
0	0,3348210943
0,476	0,2991068442
0	0,3080354067
0,3599	0,3749996256

MATCH!
Penny Lane
start = 72
err = 103
[OK, EXCHANGE, OK, OK, OK, OK]
distance = 0.14645494048720564
0,29025	1,0434780121
0,3425	0,1304347515
0,22059	0,1304347515
0,43541	0,1304347515
0,2844	0,1304347515

MATCH!
Money For Nothing
start = 249
err = 104
[OK, OK, EXCHANGE, OK, OK]
distance = 0.023074609049276204
0,29025	0,2238800079
0,3425	0,6763041904
0,22059	0,2285441747
0,43541	0,4477600157

MATCH!
Tarde Em Itapoã
start = 0
err = 104
[OK, OK, OK, OK]
distance = 0.004074352704709079
0,29025	0,249999743
0,3425	0,1923074946
0,22059	0,249999743

MATCH!
Yesterday
start = 4
err = 105
[OK, ADDITION, OK, OK]
distance = 9.194534531088815E-4
0,63275	0,3000000045
0,22059	0,1500000022

MATCH!
Aquarela
start = 12
err = 105
[OK, OK, OK]
distance = 2.70904966829447E-4
0,29025	0,200000003
0,3425	0,200000003

MATCH!
Palco
start = 258
err = 105
[OK, OMISSION, OK, OK, OK]
distance = 0.3835377198612814
0,29025	0,2939817202
0	1,212963948
0,3425	0,5995375239
0,22059	0,5300930231

